{"meta": {"format": 3, "version": "7.11.3", "timestamp": "2025-12-02T14:27:25.433467", "branch_coverage": false, "show_contexts": false}, "files": {"wks/__init__.py": {"executed_lines": [1, 7], "summary": {"covered_lines": 1, "num_statements": 1, "percent_covered": 100.0, "percent_covered_display": "100.00", "missing_lines": 0, "excluded_lines": 0}, "missing_lines": [], "excluded_lines": [], "functions": {"": {"executed_lines": [1, 7], "summary": {"covered_lines": 1, "num_statements": 1, "percent_covered": 100.0, "percent_covered_display": "100.00", "missing_lines": 0, "excluded_lines": 0}, "missing_lines": [], "excluded_lines": []}}, "classes": {"": {"executed_lines": [1, 7], "summary": {"covered_lines": 1, "num_statements": 1, "percent_covered": 100.0, "percent_covered_display": "100.00", "missing_lines": 0, "excluded_lines": 0}, "missing_lines": [], "excluded_lines": []}}}, "wks/cli/__init__.py": {"executed_lines": [1, 6, 7, 8, 9, 10, 11, 13, 14, 15, 16, 19, 25, 27, 28, 30, 33, 35, 36, 37, 44, 45, 46, 47, 50, 51, 52, 53, 54, 55, 56, 57, 58, 61, 62, 63, 64, 65, 66, 67, 69, 70, 73, 74, 75, 76, 77, 84, 85, 86, 89, 90, 91, 94, 95, 96, 97, 100, 101, 102, 105, 106, 107, 108, 111, 112, 113, 114, 117, 118, 119, 122, 123, 124, 125, 128, 129, 130, 131, 134, 135, 136, 137, 144, 145, 146, 149, 150, 151, 152, 155, 156, 157, 160, 161, 162, 165, 166, 167, 168, 175, 177, 178, 179, 182, 184, 185, 186, 189, 191, 192, 193, 201, 203, 204, 205, 212, 213, 215, 216, 218, 219, 220, 221, 222, 224, 225, 226, 227, 228, 229, 230, 231, 232, 233, 235, 236, 237, 238, 239, 240, 241, 242, 243, 244, 245, 246, 247, 248, 251, 252, 253, 255, 256, 257, 258, 259, 260, 261, 262, 263, 264, 267, 268, 269, 271, 272, 273, 276, 277, 278, 280, 283, 285, 286, 289, 290, 291, 292, 293, 294, 295, 296, 299, 301, 302, 303, 304, 305, 306, 307, 308, 309, 310, 311, 312, 313, 314, 316, 317, 318, 319, 322, 323, 324, 325, 327, 328, 329, 330, 331, 332, 333, 335, 336, 337, 339, 340, 341, 342, 343, 344, 347, 348, 349, 351, 352, 353, 355, 356, 357, 358, 359, 360, 361, 364], "summary": {"covered_lines": 234, "num_statements": 236, "percent_covered": 99.15254237288136, "percent_covered_display": "99.15", "missing_lines": 2, "excluded_lines": 2}, "missing_lines": [21, 22], "excluded_lines": [364, 365], "functions": {"_call": {"executed_lines": [], "summary": {"covered_lines": 0, "num_statements": 2, "percent_covered": 0.0, "percent_covered_display": "0.00", "missing_lines": 2, "excluded_lines": 0}, "missing_lines": [21, 22], "excluded_lines": []}, "_out": {"executed_lines": [27, 28, 30], "summary": {"covered_lines": 3, "num_statements": 3, "percent_covered": 100.0, "percent_covered_display": "100.00", "missing_lines": 0, "excluded_lines": 0}, "missing_lines": [], "excluded_lines": []}, "_err": {"executed_lines": [35, 36, 37], "summary": {"covered_lines": 3, "num_statements": 3, "percent_covered": 100.0, "percent_covered_display": "100.00", "missing_lines": 0, "excluded_lines": 0}, "missing_lines": [], "excluded_lines": []}, "_cmd_config": {"executed_lines": [45, 46, 47], "summary": {"covered_lines": 3, "num_statements": 3, "percent_covered": 100.0, "percent_covered_display": "100.00", "missing_lines": 0, "excluded_lines": 0}, "missing_lines": [], "excluded_lines": []}, "_cmd_transform": {"executed_lines": [51, 52, 53, 54, 55, 56, 57, 58], "summary": {"covered_lines": 8, "num_statements": 8, "percent_covered": 100.0, "percent_covered_display": "100.00", "missing_lines": 0, "excluded_lines": 0}, "missing_lines": [], "excluded_lines": []}, "_cmd_cat": {"executed_lines": [62, 63, 64, 65, 66, 67, 69, 70], "summary": {"covered_lines": 8, "num_statements": 8, "percent_covered": 100.0, "percent_covered_display": "100.00", "missing_lines": 0, "excluded_lines": 0}, "missing_lines": [], "excluded_lines": []}, "_cmd_diff": {"executed_lines": [74, 75, 76, 77], "summary": {"covered_lines": 4, "num_statements": 4, "percent_covered": 100.0, "percent_covered_display": "100.00", "missing_lines": 0, "excluded_lines": 0}, "missing_lines": [], "excluded_lines": []}, "_cmd_monitor_status": {"executed_lines": [85, 86], "summary": {"covered_lines": 2, "num_statements": 2, "percent_covered": 100.0, "percent_covered_display": "100.00", "missing_lines": 0, "excluded_lines": 0}, "missing_lines": [], "excluded_lines": []}, "_cmd_monitor_check": {"executed_lines": [90, 91], "summary": {"covered_lines": 2, "num_statements": 2, "percent_covered": 100.0, "percent_covered_display": "100.00", "missing_lines": 0, "excluded_lines": 0}, "missing_lines": [], "excluded_lines": []}, "_cmd_monitor_validate": {"executed_lines": [95, 96, 97], "summary": {"covered_lines": 3, "num_statements": 3, "percent_covered": 100.0, "percent_covered_display": "100.00", "missing_lines": 0, "excluded_lines": 0}, "missing_lines": [], "excluded_lines": []}, "_cmd_monitor_list": {"executed_lines": [101, 102], "summary": {"covered_lines": 2, "num_statements": 2, "percent_covered": 100.0, "percent_covered_display": "100.00", "missing_lines": 0, "excluded_lines": 0}, "missing_lines": [], "excluded_lines": []}, "_cmd_monitor_add": {"executed_lines": [106, 107, 108], "summary": {"covered_lines": 3, "num_statements": 3, "percent_covered": 100.0, "percent_covered_display": "100.00", "missing_lines": 0, "excluded_lines": 0}, "missing_lines": [], "excluded_lines": []}, "_cmd_monitor_remove": {"executed_lines": [112, 113, 114], "summary": {"covered_lines": 3, "num_statements": 3, "percent_covered": 100.0, "percent_covered_display": "100.00", "missing_lines": 0, "excluded_lines": 0}, "missing_lines": [], "excluded_lines": []}, "_cmd_monitor_managed_list": {"executed_lines": [118, 119], "summary": {"covered_lines": 2, "num_statements": 2, "percent_covered": 100.0, "percent_covered_display": "100.00", "missing_lines": 0, "excluded_lines": 0}, "missing_lines": [], "excluded_lines": []}, "_cmd_monitor_managed_add": {"executed_lines": [123, 124, 125], "summary": {"covered_lines": 3, "num_statements": 3, "percent_covered": 100.0, "percent_covered_display": "100.00", "missing_lines": 0, "excluded_lines": 0}, "missing_lines": [], "excluded_lines": []}, "_cmd_monitor_managed_remove": {"executed_lines": [129, 130, 131], "summary": {"covered_lines": 3, "num_statements": 3, "percent_covered": 100.0, "percent_covered_display": "100.00", "missing_lines": 0, "excluded_lines": 0}, "missing_lines": [], "excluded_lines": []}, "_cmd_monitor_managed_priority": {"executed_lines": [135, 136, 137], "summary": {"covered_lines": 3, "num_statements": 3, "percent_covered": 100.0, "percent_covered_display": "100.00", "missing_lines": 0, "excluded_lines": 0}, "missing_lines": [], "excluded_lines": []}, "_cmd_vault_status": {"executed_lines": [145, 146], "summary": {"covered_lines": 2, "num_statements": 2, "percent_covered": 100.0, "percent_covered_display": "100.00", "missing_lines": 0, "excluded_lines": 0}, "missing_lines": [], "excluded_lines": []}, "_cmd_vault_sync": {"executed_lines": [150, 151, 152], "summary": {"covered_lines": 3, "num_statements": 3, "percent_covered": 100.0, "percent_covered_display": "100.00", "missing_lines": 0, "excluded_lines": 0}, "missing_lines": [], "excluded_lines": []}, "_cmd_vault_validate": {"executed_lines": [156, 157], "summary": {"covered_lines": 2, "num_statements": 2, "percent_covered": 100.0, "percent_covered_display": "100.00", "missing_lines": 0, "excluded_lines": 0}, "missing_lines": [], "excluded_lines": []}, "_cmd_vault_fix_symlinks": {"executed_lines": [161, 162], "summary": {"covered_lines": 2, "num_statements": 2, "percent_covered": 100.0, "percent_covered_display": "100.00", "missing_lines": 0, "excluded_lines": 0}, "missing_lines": [], "excluded_lines": []}, "_cmd_vault_links": {"executed_lines": [166, 167, 168], "summary": {"covered_lines": 3, "num_statements": 3, "percent_covered": 100.0, "percent_covered_display": "100.00", "missing_lines": 0, "excluded_lines": 0}, "missing_lines": [], "excluded_lines": []}, "_cmd_db_monitor": {"executed_lines": [177, 178, 179], "summary": {"covered_lines": 3, "num_statements": 3, "percent_covered": 100.0, "percent_covered_display": "100.00", "missing_lines": 0, "excluded_lines": 0}, "missing_lines": [], "excluded_lines": []}, "_cmd_db_vault": {"executed_lines": [184, 185, 186], "summary": {"covered_lines": 3, "num_statements": 3, "percent_covered": 100.0, "percent_covered_display": "100.00", "missing_lines": 0, "excluded_lines": 0}, "missing_lines": [], "excluded_lines": []}, "_cmd_db_transform": {"executed_lines": [191, 192, 193], "summary": {"covered_lines": 3, "num_statements": 3, "percent_covered": 100.0, "percent_covered_display": "100.00", "missing_lines": 0, "excluded_lines": 0}, "missing_lines": [], "excluded_lines": []}, "_cmd_service_status": {"executed_lines": [203, 204, 205], "summary": {"covered_lines": 3, "num_statements": 3, "percent_covered": 100.0, "percent_covered_display": "100.00", "missing_lines": 0, "excluded_lines": 0}, "missing_lines": [], "excluded_lines": []}, "_setup_monitor": {"executed_lines": [213, 215, 216, 218, 219, 220, 221, 222, 224, 225, 226, 227, 228, 229, 230, 231, 232, 233, 235, 236, 237, 238, 239, 240, 241, 242, 243, 244, 245, 246, 247, 248], "summary": {"covered_lines": 32, "num_statements": 32, "percent_covered": 100.0, "percent_covered_display": "100.00", "missing_lines": 0, "excluded_lines": 0}, "missing_lines": [], "excluded_lines": []}, "_setup_vault": {"executed_lines": [252, 253, 255, 256, 257, 258, 259, 260, 261, 262, 263, 264], "summary": {"covered_lines": 12, "num_statements": 12, "percent_covered": 100.0, "percent_covered_display": "100.00", "missing_lines": 0, "excluded_lines": 0}, "missing_lines": [], "excluded_lines": []}, "_setup_db": {"executed_lines": [268, 269, 271, 272, 273], "summary": {"covered_lines": 5, "num_statements": 5, "percent_covered": 100.0, "percent_covered_display": "100.00", "missing_lines": 0, "excluded_lines": 0}, "missing_lines": [], "excluded_lines": []}, "_setup_service": {"executed_lines": [277, 278, 280], "summary": {"covered_lines": 3, "num_statements": 3, "percent_covered": 100.0, "percent_covered_display": "100.00", "missing_lines": 0, "excluded_lines": 0}, "missing_lines": [], "excluded_lines": []}, "main": {"executed_lines": [285, 286, 289, 290, 291, 292, 293, 294, 295, 296, 299, 301, 302, 303, 304, 305, 306, 307, 308, 309, 310, 311, 312, 313, 314, 316, 317, 318, 319, 322, 323, 324, 325, 327, 333, 335, 336, 337, 339, 344, 347, 348, 349, 351, 352, 353, 355, 356, 357, 358, 359, 360, 361], "summary": {"covered_lines": 53, "num_statements": 53, "percent_covered": 100.0, "percent_covered_display": "100.00", "missing_lines": 0, "excluded_lines": 0}, "missing_lines": [], "excluded_lines": []}, "main.mcp_run": {"executed_lines": [328, 329, 330, 331, 332], "summary": {"covered_lines": 5, "num_statements": 5, "percent_covered": 100.0, "percent_covered_display": "100.00", "missing_lines": 0, "excluded_lines": 0}, "missing_lines": [], "excluded_lines": []}, "main.mcp_install": {"executed_lines": [340, 341, 342, 343], "summary": {"covered_lines": 4, "num_statements": 4, "percent_covered": 100.0, "percent_covered_display": "100.00", "missing_lines": 0, "excluded_lines": 0}, "missing_lines": [], "excluded_lines": []}, "": {"executed_lines": [1, 6, 7, 8, 9, 10, 11, 13, 14, 15, 16, 19, 25, 33, 44, 50, 61, 73, 84, 89, 94, 100, 105, 111, 117, 122, 128, 134, 144, 149, 155, 160, 165, 175, 182, 189, 201, 212, 251, 267, 276, 283, 364], "summary": {"covered_lines": 41, "num_statements": 41, "percent_covered": 100.0, "percent_covered_display": "100.00", "missing_lines": 0, "excluded_lines": 2}, "missing_lines": [], "excluded_lines": [364, 365]}}, "classes": {"": {"executed_lines": [1, 6, 7, 8, 9, 10, 11, 13, 14, 15, 16, 19, 25, 27, 28, 30, 33, 35, 36, 37, 44, 45, 46, 47, 50, 51, 52, 53, 54, 55, 56, 57, 58, 61, 62, 63, 64, 65, 66, 67, 69, 70, 73, 74, 75, 76, 77, 84, 85, 86, 89, 90, 91, 94, 95, 96, 97, 100, 101, 102, 105, 106, 107, 108, 111, 112, 113, 114, 117, 118, 119, 122, 123, 124, 125, 128, 129, 130, 131, 134, 135, 136, 137, 144, 145, 146, 149, 150, 151, 152, 155, 156, 157, 160, 161, 162, 165, 166, 167, 168, 175, 177, 178, 179, 182, 184, 185, 186, 189, 191, 192, 193, 201, 203, 204, 205, 212, 213, 215, 216, 218, 219, 220, 221, 222, 224, 225, 226, 227, 228, 229, 230, 231, 232, 233, 235, 236, 237, 238, 239, 240, 241, 242, 243, 244, 245, 246, 247, 248, 251, 252, 253, 255, 256, 257, 258, 259, 260, 261, 262, 263, 264, 267, 268, 269, 271, 272, 273, 276, 277, 278, 280, 283, 285, 286, 289, 290, 291, 292, 293, 294, 295, 296, 299, 301, 302, 303, 304, 305, 306, 307, 308, 309, 310, 311, 312, 313, 314, 316, 317, 318, 319, 322, 323, 324, 325, 327, 328, 329, 330, 331, 332, 333, 335, 336, 337, 339, 340, 341, 342, 343, 344, 347, 348, 349, 351, 352, 353, 355, 356, 357, 358, 359, 360, 361, 364], "summary": {"covered_lines": 234, "num_statements": 236, "percent_covered": 99.15254237288136, "percent_covered_display": "99.15", "missing_lines": 2, "excluded_lines": 2}, "missing_lines": [21, 22], "excluded_lines": [364, 365]}}}, "wks/cli/__main__.py": {"executed_lines": [], "summary": {"covered_lines": 0, "num_statements": 2, "percent_covered": 0.0, "percent_covered_display": "0.00", "missing_lines": 2, "excluded_lines": 2}, "missing_lines": [3, 4], "excluded_lines": [6, 7], "functions": {"": {"executed_lines": [], "summary": {"covered_lines": 0, "num_statements": 2, "percent_covered": 0.0, "percent_covered_display": "0.00", "missing_lines": 2, "excluded_lines": 2}, "missing_lines": [3, 4], "excluded_lines": [6, 7]}}, "classes": {"": {"executed_lines": [], "summary": {"covered_lines": 0, "num_statements": 2, "percent_covered": 0.0, "percent_covered_display": "0.00", "missing_lines": 2, "excluded_lines": 2}, "missing_lines": [3, 4], "excluded_lines": [6, 7]}}}, "wks/config.py": {"executed_lines": [1, 3, 4, 5, 6, 8, 9, 10, 11, 12, 13, 15, 16, 19, 20, 21, 24, 25, 26, 27, 29, 30, 31, 32, 33, 34, 36, 37, 38, 39, 44, 45, 46, 47, 48, 49, 50, 52, 53, 54, 55, 63, 64, 65, 66, 68, 69, 70, 71, 76, 77, 78, 86, 87, 88, 89, 90, 91, 92, 94, 95, 97, 98, 100, 101, 103, 104, 105, 106, 107, 109, 110, 111, 112, 113, 114, 115, 116, 118, 127, 130, 133, 135, 140, 148, 149, 150, 152, 154, 157, 160, 161, 162, 163, 164, 165, 167], "summary": {"covered_lines": 92, "num_statements": 92, "percent_covered": 100.0, "percent_covered_display": "100.00", "missing_lines": 0, "excluded_lines": 0}, "missing_lines": [], "excluded_lines": [], "functions": {"MongoSettings.__post_init__": {"executed_lines": [30, 31, 32, 33, 34], "summary": {"covered_lines": 5, "num_statements": 5, "percent_covered": 100.0, "percent_covered_display": "100.00", "missing_lines": 0, "excluded_lines": 0}, "missing_lines": [], "excluded_lines": []}, "MongoSettings.from_config": {"executed_lines": [38, 39], "summary": {"covered_lines": 2, "num_statements": 2, "percent_covered": 100.0, "percent_covered_display": "100.00", "missing_lines": 0, "excluded_lines": 0}, "missing_lines": [], "excluded_lines": []}, "MetricsConfig.from_config": {"executed_lines": [54, 55], "summary": {"covered_lines": 2, "num_statements": 2, "percent_covered": 100.0, "percent_covered_display": "100.00", "missing_lines": 0, "excluded_lines": 0}, "missing_lines": [], "excluded_lines": []}, "DisplayConfig.from_config": {"executed_lines": [70, 71], "summary": {"covered_lines": 2, "num_statements": 2, "percent_covered": 100.0, "percent_covered_display": "100.00", "missing_lines": 0, "excluded_lines": 0}, "missing_lines": [], "excluded_lines": []}, "WKSConfig.load": {"executed_lines": [97, 98, 100, 101, 103, 104, 105, 106, 107, 109, 110, 111, 112, 113, 114, 115, 116, 118, 127, 130], "summary": {"covered_lines": 20, "num_statements": 20, "percent_covered": 100.0, "percent_covered_display": "100.00", "missing_lines": 0, "excluded_lines": 0}, "missing_lines": [], "excluded_lines": []}, "get_config_path": {"executed_lines": [135], "summary": {"covered_lines": 1, "num_statements": 1, "percent_covered": 100.0, "percent_covered_display": "100.00", "missing_lines": 0, "excluded_lines": 0}, "missing_lines": [], "excluded_lines": []}, "load_config": {"executed_lines": [148, 149, 150, 152, 154, 157, 160, 161, 162, 163, 164, 165, 167], "summary": {"covered_lines": 13, "num_statements": 13, "percent_covered": 100.0, "percent_covered_display": "100.00", "missing_lines": 0, "excluded_lines": 0}, "missing_lines": [], "excluded_lines": []}, "": {"executed_lines": [1, 3, 4, 5, 6, 8, 9, 10, 11, 12, 13, 15, 16, 19, 20, 21, 24, 25, 26, 27, 29, 36, 37, 44, 45, 46, 47, 48, 49, 50, 52, 53, 63, 64, 65, 66, 68, 69, 76, 77, 78, 86, 87, 88, 89, 90, 91, 92, 94, 95, 133, 140], "summary": {"covered_lines": 47, "num_statements": 47, "percent_covered": 100.0, "percent_covered_display": "100.00", "missing_lines": 0, "excluded_lines": 0}, "missing_lines": [], "excluded_lines": []}}, "classes": {"ConfigError": {"executed_lines": [], "summary": {"covered_lines": 0, "num_statements": 0, "percent_covered": 100.0, "percent_covered_display": "100.00", "missing_lines": 0, "excluded_lines": 0}, "missing_lines": [], "excluded_lines": []}, "MongoSettings": {"executed_lines": [30, 31, 32, 33, 34, 38, 39], "summary": {"covered_lines": 7, "num_statements": 7, "percent_covered": 100.0, "percent_covered_display": "100.00", "missing_lines": 0, "excluded_lines": 0}, "missing_lines": [], "excluded_lines": []}, "MetricsConfig": {"executed_lines": [54, 55], "summary": {"covered_lines": 2, "num_statements": 2, "percent_covered": 100.0, "percent_covered_display": "100.00", "missing_lines": 0, "excluded_lines": 0}, "missing_lines": [], "excluded_lines": []}, "DisplayConfig": {"executed_lines": [70, 71], "summary": {"covered_lines": 2, "num_statements": 2, "percent_covered": 100.0, "percent_covered_display": "100.00", "missing_lines": 0, "excluded_lines": 0}, "missing_lines": [], "excluded_lines": []}, "WKSConfig": {"executed_lines": [97, 98, 100, 101, 103, 104, 105, 106, 107, 109, 110, 111, 112, 113, 114, 115, 116, 118, 127, 130], "summary": {"covered_lines": 20, "num_statements": 20, "percent_covered": 100.0, "percent_covered_display": "100.00", "missing_lines": 0, "excluded_lines": 0}, "missing_lines": [], "excluded_lines": []}, "": {"executed_lines": [1, 3, 4, 5, 6, 8, 9, 10, 11, 12, 13, 15, 16, 19, 20, 21, 24, 25, 26, 27, 29, 36, 37, 44, 45, 46, 47, 48, 49, 50, 52, 53, 63, 64, 65, 66, 68, 69, 76, 77, 78, 86, 87, 88, 89, 90, 91, 92, 94, 95, 133, 135, 140, 148, 149, 150, 152, 154, 157, 160, 161, 162, 163, 164, 165, 167], "summary": {"covered_lines": 61, "num_statements": 61, "percent_covered": 100.0, "percent_covered_display": "100.00", "missing_lines": 0, "excluded_lines": 0}, "missing_lines": [], "excluded_lines": []}}}, "wks/constants.py": {"executed_lines": [1, 3, 5, 8, 11, 14], "summary": {"covered_lines": 5, "num_statements": 5, "percent_covered": 100.0, "percent_covered_display": "100.00", "missing_lines": 0, "excluded_lines": 0}, "missing_lines": [], "excluded_lines": [], "functions": {"": {"executed_lines": [1, 3, 5, 8, 11, 14], "summary": {"covered_lines": 5, "num_statements": 5, "percent_covered": 100.0, "percent_covered_display": "100.00", "missing_lines": 0, "excluded_lines": 0}, "missing_lines": [], "excluded_lines": []}}, "classes": {"": {"executed_lines": [1, 3, 5, 8, 11, 14], "summary": {"covered_lines": 5, "num_statements": 5, "percent_covered": 100.0, "percent_covered_display": "100.00", "missing_lines": 0, "excluded_lines": 0}, "missing_lines": [], "excluded_lines": []}}}, "wks/daemon.py": {"executed_lines": [1, 7, 8, 9, 10, 11, 12, 13, 14, 15, 16, 17, 18, 19, 20, 21, 22, 23, 24, 25, 26, 27, 28, 29, 30, 32, 33, 34, 39, 40, 41, 42, 43, 44, 45, 46, 47, 48, 49, 50, 51, 52, 53, 54, 55, 56, 57, 58, 59, 60, 61, 62, 63, 64, 65, 66, 67, 68, 70, 78, 79, 81, 102, 103, 105, 107, 108, 109, 110, 111, 112, 114, 115, 117, 119, 121, 122, 124, 125, 127, 128, 129, 130, 131, 133, 134, 135, 136, 137, 138, 139, 140, 141, 142, 145, 146, 147, 148, 149, 150, 151, 152, 154, 155, 156, 158, 159, 161, 162, 163, 164, 166, 170, 174, 176, 177, 178, 180, 181, 184, 185, 189, 190, 192, 193, 198, 201, 203, 204, 208, 211, 212, 213, 214, 216, 217, 218, 220, 222, 223, 226, 228, 237, 238, 242, 244, 246, 247, 252, 253, 255, 256, 260, 261, 264, 265, 267, 268, 269, 284, 296, 298, 301, 302, 303, 306, 307, 309, 314, 318, 320, 323, 324, 327, 328, 330, 332, 333, 344, 346, 347, 352, 354, 355, 358, 359, 363, 364, 365, 366, 371, 372, 373, 374, 379, 380, 385, 386, 387, 388, 391, 392, 393, 394, 397, 398, 403, 404, 405, 406, 408, 410, 411, 412, 413, 417, 435, 453, 490, 510, 520, 529, 538, 551, 560, 578, 579, 580, 584, 635, 637, 639, 640, 641, 642, 643, 644, 645, 646, 648, 652, 653, 658, 661, 672, 674, 677, 678, 679, 680, 688, 728, 742, 785, 799, 816, 823, 873, 874, 875, 879, 880, 881, 882, 886, 890, 907, 920, 936, 950, 966, 973, 975, 976, 977, 982, 1008], "summary": {"covered_lines": 246, "num_statements": 653, "percent_covered": 37.67228177641654, "percent_covered_display": "37.67", "missing_lines": 407, "excluded_lines": 30}, "missing_lines": [72, 157, 167, 168, 171, 172, 182, 186, 187, 195, 196, 199, 205, 209, 239, 240, 245, 248, 249, 250, 254, 257, 258, 262, 271, 272, 274, 278, 279, 280, 281, 282, 286, 287, 288, 289, 290, 291, 292, 293, 294, 299, 315, 316, 321, 325, 326, 335, 336, 337, 338, 339, 340, 341, 342, 348, 349, 350, 360, 361, 367, 368, 375, 376, 381, 382, 399, 400, 414, 415, 420, 421, 422, 423, 426, 427, 428, 429, 430, 431, 432, 433, 437, 438, 441, 442, 443, 444, 450, 451, 461, 464, 465, 466, 467, 470, 473, 474, 477, 478, 479, 482, 483, 486, 487, 488, 492, 493, 495, 496, 499, 501, 508, 512, 513, 514, 515, 516, 517, 518, 521, 522, 523, 524, 525, 526, 527, 530, 531, 532, 533, 534, 535, 536, 539, 540, 541, 542, 543, 544, 545, 546, 547, 548, 549, 552, 553, 554, 555, 556, 557, 558, 562, 563, 564, 565, 566, 567, 568, 570, 571, 572, 573, 574, 575, 576, 581, 582, 586, 587, 588, 589, 590, 591, 593, 594, 596, 597, 598, 599, 600, 603, 604, 605, 606, 609, 610, 611, 612, 615, 616, 617, 618, 619, 620, 623, 624, 625, 626, 627, 628, 630, 631, 632, 633, 638, 649, 650, 654, 655, 656, 662, 663, 664, 665, 666, 667, 668, 675, 676, 681, 683, 684, 685, 686, 689, 690, 691, 692, 693, 694, 695, 696, 697, 698, 700, 701, 702, 704, 705, 706, 707, 708, 709, 710, 713, 714, 715, 716, 717, 718, 719, 720, 721, 722, 723, 724, 725, 726, 729, 730, 731, 732, 733, 734, 736, 737, 738, 740, 748, 749, 750, 752, 753, 754, 756, 757, 758, 759, 760, 761, 762, 764, 765, 766, 767, 768, 769, 770, 772, 773, 774, 775, 776, 777, 778, 779, 780, 782, 783, 791, 792, 793, 797, 805, 806, 807, 808, 809, 810, 811, 812, 813, 814, 818, 819, 820, 821, 825, 826, 827, 829, 830, 832, 833, 835, 865, 866, 867, 870, 871, 876, 877, 883, 884, 888, 892, 893, 894, 895, 896, 897, 898, 899, 900, 901, 902, 903, 904, 905, 909, 911, 912, 913, 914, 915, 916, 918, 922, 923, 924, 926, 927, 928, 929, 930, 932, 933, 934, 939, 942, 945, 946, 948, 952, 953, 954, 955, 956, 958, 959, 960, 961, 962, 963, 964, 967, 968, 969, 970, 971, 978, 979, 980, 984, 985, 987, 990, 991, 992, 995, 996, 998, 1000, 1002, 1003, 1005], "excluded_lines": [35, 36, 1008, 1009, 1010, 1013, 1014, 1015, 1016, 1017, 1020, 1021, 1024, 1025, 1026, 1029, 1030, 1032, 1033, 1035, 1036, 1038, 1040, 1050, 1051, 1053, 1054, 1055, 1056, 1057], "functions": {"HealthData.to_dict": {"executed_lines": [], "summary": {"covered_lines": 0, "num_statements": 1, "percent_covered": 0.0, "percent_covered_display": "0.00", "missing_lines": 1, "excluded_lines": 0}, "missing_lines": [72], "excluded_lines": []}, "WKSDaemon.__init__": {"executed_lines": [102, 103, 105, 107, 108, 109, 110, 111, 112, 114, 115, 117, 119, 121, 122, 124, 125, 127, 128, 129, 130, 131, 133, 134, 135, 136, 137, 138, 139, 140, 141, 142, 145, 146, 147, 148, 149, 150, 151, 152, 154, 155, 156, 158, 159], "summary": {"covered_lines": 45, "num_statements": 46, "percent_covered": 97.82608695652173, "percent_covered_display": "97.83", "missing_lines": 1, "excluded_lines": 0}, "missing_lines": [157], "excluded_lines": []}, "WKSDaemon._get_touch_weight": {"executed_lines": [163, 164, 166, 170, 174], "summary": {"covered_lines": 5, "num_statements": 9, "percent_covered": 55.55555555555556, "percent_covered_display": "55.56", "missing_lines": 4, "excluded_lines": 0}, "missing_lines": [167, 168, 171, 172], "excluded_lines": []}, "WKSDaemon._compute_touches_per_day": {"executed_lines": [177, 178, 180, 181, 184, 185, 189, 190, 192, 193, 198, 201], "summary": {"covered_lines": 12, "num_statements": 18, "percent_covered": 66.66666666666667, "percent_covered_display": "66.67", "missing_lines": 6, "excluded_lines": 0}, "missing_lines": [182, 186, 187, 195, 196, 199], "excluded_lines": []}, "WKSDaemon._update_monitor_db": {"executed_lines": [204, 208, 211, 212, 213, 214, 216, 217, 218, 220, 222, 223, 226, 228, 237, 238], "summary": {"covered_lines": 16, "num_statements": 20, "percent_covered": 80.0, "percent_covered_display": "80.00", "missing_lines": 4, "excluded_lines": 0}, "missing_lines": [205, 209, 239, 240], "excluded_lines": []}, "WKSDaemon._monitor_has_path": {"executed_lines": [244, 246, 247], "summary": {"covered_lines": 3, "num_statements": 7, "percent_covered": 42.857142857142854, "percent_covered_display": "42.86", "missing_lines": 4, "excluded_lines": 0}, "missing_lines": [245, 248, 249, 250], "excluded_lines": []}, "WKSDaemon._remove_from_monitor_db": {"executed_lines": [253, 255, 256], "summary": {"covered_lines": 3, "num_statements": 6, "percent_covered": 50.0, "percent_covered_display": "50.00", "missing_lines": 3, "excluded_lines": 0}, "missing_lines": [254, 257, 258], "excluded_lines": []}, "WKSDaemon._enforce_monitor_db_limit": {"executed_lines": [261, 264, 265, 267, 268, 269], "summary": {"covered_lines": 6, "num_statements": 15, "percent_covered": 40.0, "percent_covered_display": "40.00", "missing_lines": 9, "excluded_lines": 0}, "missing_lines": [262, 271, 272, 274, 278, 279, 280, 281, 282], "excluded_lines": []}, "WKSDaemon._record_fs_event": {"executed_lines": [], "summary": {"covered_lines": 0, "num_statements": 9, "percent_covered": 0.0, "percent_covered_display": "0.00", "missing_lines": 9, "excluded_lines": 0}, "missing_lines": [286, 287, 288, 289, 290, 291, 292, 293, 294], "excluded_lines": []}, "WKSDaemon._update_monitor_db_on_move": {"executed_lines": [298, 301, 302, 303, 306, 307, 309, 314], "summary": {"covered_lines": 8, "num_statements": 11, "percent_covered": 72.72727272727273, "percent_covered_display": "72.73", "missing_lines": 3, "excluded_lines": 0}, "missing_lines": [299, 315, 316], "excluded_lines": []}, "WKSDaemon._update_vault_db_on_move": {"executed_lines": [320, 323, 324, 327, 328], "summary": {"covered_lines": 5, "num_statements": 8, "percent_covered": 62.5, "percent_covered_display": "62.50", "missing_lines": 3, "excluded_lines": 0}, "missing_lines": [321, 325, 326], "excluded_lines": []}, "WKSDaemon._update_transform_db_on_move": {"executed_lines": [332, 333], "summary": {"covered_lines": 2, "num_statements": 10, "percent_covered": 20.0, "percent_covered_display": "20.00", "missing_lines": 8, "excluded_lines": 0}, "missing_lines": [335, 336, 337, 338, 339, 340, 341, 342], "excluded_lines": []}, "WKSDaemon._get_vault_base_path": {"executed_lines": [346, 347], "summary": {"covered_lines": 2, "num_statements": 5, "percent_covered": 40.0, "percent_covered_display": "40.00", "missing_lines": 3, "excluded_lines": 0}, "missing_lines": [348, 349, 350], "excluded_lines": []}, "WKSDaemon._handle_move_event": {"executed_lines": [354, 355, 358, 359, 363, 364, 365, 366, 371, 372, 373, 374, 379, 380, 385, 386, 387, 388, 391, 392, 393, 394, 397, 398, 403, 404, 405, 406], "summary": {"covered_lines": 28, "num_statements": 38, "percent_covered": 73.6842105263158, "percent_covered_display": "73.68", "missing_lines": 10, "excluded_lines": 0}, "missing_lines": [360, 361, 367, 368, 375, 376, 381, 382, 399, 400], "excluded_lines": []}, "WKSDaemon._handle_delete_event": {"executed_lines": [410, 411, 412, 413], "summary": {"covered_lines": 4, "num_statements": 6, "percent_covered": 66.66666666666667, "percent_covered_display": "66.67", "missing_lines": 2, "excluded_lines": 0}, "missing_lines": [414, 415], "excluded_lines": []}, "WKSDaemon._handle_create_modify_event": {"executed_lines": [], "summary": {"covered_lines": 0, "num_statements": 12, "percent_covered": 0.0, "percent_covered_display": "0.00", "missing_lines": 12, "excluded_lines": 0}, "missing_lines": [420, 421, 422, 423, 426, 427, 428, 429, 430, 431, 432, 433], "excluded_lines": []}, "WKSDaemon._handle_new_directory": {"executed_lines": [], "summary": {"covered_lines": 0, "num_statements": 8, "percent_covered": 0.0, "percent_covered_display": "0.00", "missing_lines": 8, "excluded_lines": 0}, "missing_lines": [437, 438, 441, 442, 443, 444, 450, 451], "excluded_lines": []}, "WKSDaemon.on_file_change": {"executed_lines": [], "summary": {"covered_lines": 0, "num_statements": 16, "percent_covered": 0.0, "percent_covered_display": "0.00", "missing_lines": 16, "excluded_lines": 0}, "missing_lines": [461, 464, 465, 466, 467, 470, 473, 474, 477, 478, 479, 482, 483, 486, 487, 488], "excluded_lines": []}, "WKSDaemon.start": {"executed_lines": [], "summary": {"covered_lines": 0, "num_statements": 7, "percent_covered": 0.0, "percent_covered_display": "0.00", "missing_lines": 7, "excluded_lines": 0}, "missing_lines": [492, 493, 495, 496, 499, 501, 508], "excluded_lines": []}, "WKSDaemon.stop": {"executed_lines": [], "summary": {"covered_lines": 0, "num_statements": 7, "percent_covered": 0.0, "percent_covered_display": "0.00", "missing_lines": 7, "excluded_lines": 0}, "missing_lines": [512, 513, 514, 515, 516, 517, 518], "excluded_lines": []}, "WKSDaemon._start_mongo_guard": {"executed_lines": [], "summary": {"covered_lines": 0, "num_statements": 7, "percent_covered": 0.0, "percent_covered_display": "0.00", "missing_lines": 7, "excluded_lines": 0}, "missing_lines": [521, 522, 523, 524, 525, 526, 527], "excluded_lines": []}, "WKSDaemon._stop_mongo_guard": {"executed_lines": [], "summary": {"covered_lines": 0, "num_statements": 7, "percent_covered": 0.0, "percent_covered_display": "0.00", "missing_lines": 7, "excluded_lines": 0}, "missing_lines": [530, 531, 532, 533, 534, 535, 536], "excluded_lines": []}, "WKSDaemon._start_mcp_broker": {"executed_lines": [], "summary": {"covered_lines": 0, "num_statements": 11, "percent_covered": 0.0, "percent_covered_display": "0.00", "missing_lines": 11, "excluded_lines": 0}, "missing_lines": [539, 540, 541, 542, 543, 544, 545, 546, 547, 548, 549], "excluded_lines": []}, "WKSDaemon._stop_mcp_broker": {"executed_lines": [], "summary": {"covered_lines": 0, "num_statements": 7, "percent_covered": 0.0, "percent_covered_display": "0.00", "missing_lines": 7, "excluded_lines": 0}, "missing_lines": [552, 553, 554, 555, 556, 557, 558], "excluded_lines": []}, "WKSDaemon.run": {"executed_lines": [], "summary": {"covered_lines": 0, "num_statements": 14, "percent_covered": 0.0, "percent_covered_display": "0.00", "missing_lines": 14, "excluded_lines": 0}, "missing_lines": [562, 563, 564, 565, 566, 567, 568, 570, 571, 572, 573, 574, 575, 576], "excluded_lines": []}, "WKSDaemon._should_ignore_by_rules": {"executed_lines": [579, 580], "summary": {"covered_lines": 2, "num_statements": 4, "percent_covered": 50.0, "percent_covered_display": "50.00", "missing_lines": 2, "excluded_lines": 0}, "missing_lines": [581, 582], "excluded_lines": []}, "WKSDaemon._maybe_prune_monitor_db": {"executed_lines": [], "summary": {"covered_lines": 0, "num_statements": 37, "percent_covered": 0.0, "percent_covered_display": "0.00", "missing_lines": 37, "excluded_lines": 0}, "missing_lines": [586, 587, 588, 589, 590, 591, 593, 594, 596, 597, 598, 599, 600, 603, 604, 605, 606, 609, 610, 611, 612, 615, 616, 617, 618, 619, 620, 623, 624, 625, 626, 627, 628, 630, 631, 632, 633], "excluded_lines": []}, "WKSDaemon._maybe_flush_pending_deletes": {"executed_lines": [637, 639, 640, 641, 642, 643, 644, 645, 646, 648, 652, 653, 658, 661, 672, 674, 677, 678, 679, 680], "summary": {"covered_lines": 20, "num_statements": 40, "percent_covered": 50.0, "percent_covered_display": "50.00", "missing_lines": 20, "excluded_lines": 0}, "missing_lines": [638, 649, 650, 654, 655, 656, 662, 663, 664, 665, 666, 667, 668, 675, 676, 681, 683, 684, 685, 686], "excluded_lines": []}, "WKSDaemon._maybe_flush_pending_mods": {"executed_lines": [], "summary": {"covered_lines": 0, "num_statements": 34, "percent_covered": 0.0, "percent_covered_display": "0.00", "missing_lines": 34, "excluded_lines": 0}, "missing_lines": [689, 690, 691, 692, 693, 694, 695, 696, 697, 698, 700, 701, 702, 704, 705, 706, 707, 708, 709, 710, 713, 714, 715, 716, 717, 718, 719, 720, 721, 722, 723, 724, 725, 726], "excluded_lines": []}, "WKSDaemon._maybe_sync_vault_links": {"executed_lines": [], "summary": {"covered_lines": 0, "num_statements": 10, "percent_covered": 0.0, "percent_covered_display": "0.00", "missing_lines": 10, "excluded_lines": 0}, "missing_lines": [729, 730, 731, 732, 733, 734, 736, 737, 738, 740], "excluded_lines": []}, "WKSDaemon._get_db_activity_info": {"executed_lines": [], "summary": {"covered_lines": 0, "num_statements": 31, "percent_covered": 0.0, "percent_covered_display": "0.00", "missing_lines": 31, "excluded_lines": 0}, "missing_lines": [748, 749, 750, 752, 753, 754, 756, 757, 758, 759, 760, 761, 762, 764, 765, 766, 767, 768, 769, 770, 772, 773, 774, 775, 776, 777, 778, 779, 780, 782, 783], "excluded_lines": []}, "WKSDaemon._calculate_fs_rates": {"executed_lines": [], "summary": {"covered_lines": 0, "num_statements": 4, "percent_covered": 0.0, "percent_covered_display": "0.00", "missing_lines": 4, "excluded_lines": 0}, "missing_lines": [791, 792, 793, 797], "excluded_lines": []}, "WKSDaemon._get_lock_info": {"executed_lines": [], "summary": {"covered_lines": 0, "num_statements": 10, "percent_covered": 0.0, "percent_covered_display": "0.00", "missing_lines": 10, "excluded_lines": 0}, "missing_lines": [805, 806, 807, 808, 809, 810, 811, 812, 813, 814], "excluded_lines": []}, "WKSDaemon._format_uptime": {"executed_lines": [], "summary": {"covered_lines": 0, "num_statements": 4, "percent_covered": 0.0, "percent_covered_display": "0.00", "missing_lines": 4, "excluded_lines": 0}, "missing_lines": [818, 819, 820, 821], "excluded_lines": []}, "WKSDaemon._write_health": {"executed_lines": [], "summary": {"covered_lines": 0, "num_statements": 13, "percent_covered": 0.0, "percent_covered_display": "0.00", "missing_lines": 13, "excluded_lines": 0}, "missing_lines": [825, 826, 827, 829, 830, 832, 833, 835, 865, 866, 867, 870, 871], "excluded_lines": []}, "WKSDaemon._bump_beat": {"executed_lines": [874, 875], "summary": {"covered_lines": 2, "num_statements": 4, "percent_covered": 50.0, "percent_covered_display": "50.00", "missing_lines": 2, "excluded_lines": 0}, "missing_lines": [876, 877], "excluded_lines": []}, "WKSDaemon._set_error": {"executed_lines": [880, 881, 882], "summary": {"covered_lines": 3, "num_statements": 5, "percent_covered": 60.0, "percent_covered_display": "60.00", "missing_lines": 2, "excluded_lines": 0}, "missing_lines": [883, 884], "excluded_lines": []}, "WKSDaemon._set_info": {"executed_lines": [], "summary": {"covered_lines": 0, "num_statements": 1, "percent_covered": 0.0, "percent_covered_display": "0.00", "missing_lines": 1, "excluded_lines": 0}, "missing_lines": [888], "excluded_lines": []}, "WKSDaemon._clean_stale_lock": {"executed_lines": [], "summary": {"covered_lines": 0, "num_statements": 14, "percent_covered": 0.0, "percent_covered_display": "0.00", "missing_lines": 14, "excluded_lines": 0}, "missing_lines": [892, 893, 894, 895, 896, 897, 898, 899, 900, 901, 902, 903, 904, 905], "excluded_lines": []}, "WKSDaemon._try_pidfile_lock": {"executed_lines": [], "summary": {"covered_lines": 0, "num_statements": 8, "percent_covered": 0.0, "percent_covered_display": "0.00", "missing_lines": 8, "excluded_lines": 0}, "missing_lines": [909, 911, 912, 913, 914, 915, 916, 918], "excluded_lines": []}, "WKSDaemon._try_advisory_lock": {"executed_lines": [], "summary": {"covered_lines": 0, "num_statements": 11, "percent_covered": 0.0, "percent_covered_display": "0.00", "missing_lines": 11, "excluded_lines": 0}, "missing_lines": [922, 923, 924, 926, 927, 928, 929, 930, 932, 933, 934], "excluded_lines": []}, "WKSDaemon._acquire_lock": {"executed_lines": [], "summary": {"covered_lines": 0, "num_statements": 5, "percent_covered": 0.0, "percent_covered_display": "0.00", "missing_lines": 5, "excluded_lines": 0}, "missing_lines": [939, 942, 945, 946, 948], "excluded_lines": []}, "WKSDaemon._release_lock": {"executed_lines": [], "summary": {"covered_lines": 0, "num_statements": 12, "percent_covered": 0.0, "percent_covered_display": "0.00", "missing_lines": 12, "excluded_lines": 0}, "missing_lines": [952, 953, 954, 955, 956, 958, 959, 960, 961, 962, 963, 964], "excluded_lines": []}, "WKSDaemon._pid_running": {"executed_lines": [], "summary": {"covered_lines": 0, "num_statements": 5, "percent_covered": 0.0, "percent_covered_display": "0.00", "missing_lines": 5, "excluded_lines": 0}, "missing_lines": [967, 968, 969, 970, 971], "excluded_lines": []}, "WKSDaemon._get_tracked_files_count": {"executed_lines": [975, 976, 977], "summary": {"covered_lines": 3, "num_statements": 6, "percent_covered": 50.0, "percent_covered_display": "50.00", "missing_lines": 3, "excluded_lines": 0}, "missing_lines": [978, 979, 980], "excluded_lines": []}, "WKSDaemon._install_vault_git_hooks": {"executed_lines": [], "summary": {"covered_lines": 0, "num_statements": 13, "percent_covered": 0.0, "percent_covered_display": "0.00", "missing_lines": 13, "excluded_lines": 0}, "missing_lines": [984, 985, 987, 990, 991, 992, 995, 996, 998, 1000, 1002, 1003, 1005], "excluded_lines": []}, "": {"executed_lines": [1, 7, 8, 9, 10, 11, 12, 13, 14, 15, 16, 17, 18, 19, 20, 21, 22, 23, 24, 25, 26, 27, 28, 29, 30, 32, 33, 34, 39, 40, 41, 42, 43, 44, 45, 46, 47, 48, 49, 50, 51, 52, 53, 54, 55, 56, 57, 58, 59, 60, 61, 62, 63, 64, 65, 66, 67, 68, 70, 78, 79, 81, 161, 162, 176, 203, 242, 252, 260, 284, 296, 318, 330, 344, 352, 408, 417, 435, 453, 490, 510, 520, 529, 538, 551, 560, 578, 584, 635, 688, 728, 742, 785, 799, 816, 823, 873, 879, 886, 890, 907, 920, 936, 950, 966, 973, 982, 1008], "summary": {"covered_lines": 77, "num_statements": 77, "percent_covered": 100.0, "percent_covered_display": "100.00", "missing_lines": 0, "excluded_lines": 30}, "missing_lines": [], "excluded_lines": [35, 36, 1008, 1009, 1010, 1013, 1014, 1015, 1016, 1017, 1020, 1021, 1024, 1025, 1026, 1029, 1030, 1032, 1033, 1035, 1036, 1038, 1040, 1050, 1051, 1053, 1054, 1055, 1056, 1057]}}, "classes": {"HealthData": {"executed_lines": [], "summary": {"covered_lines": 0, "num_statements": 1, "percent_covered": 0.0, "percent_covered_display": "0.00", "missing_lines": 1, "excluded_lines": 0}, "missing_lines": [72], "excluded_lines": []}, "WKSDaemon": {"executed_lines": [102, 103, 105, 107, 108, 109, 110, 111, 112, 114, 115, 117, 119, 121, 122, 124, 125, 127, 128, 129, 130, 131, 133, 134, 135, 136, 137, 138, 139, 140, 141, 142, 145, 146, 147, 148, 149, 150, 151, 152, 154, 155, 156, 158, 159, 163, 164, 166, 170, 174, 177, 178, 180, 181, 184, 185, 189, 190, 192, 193, 198, 201, 204, 208, 211, 212, 213, 214, 216, 217, 218, 220, 222, 223, 226, 228, 237, 238, 244, 246, 247, 253, 255, 256, 261, 264, 265, 267, 268, 269, 298, 301, 302, 303, 306, 307, 309, 314, 320, 323, 324, 327, 328, 332, 333, 346, 347, 354, 355, 358, 359, 363, 364, 365, 366, 371, 372, 373, 374, 379, 380, 385, 386, 387, 388, 391, 392, 393, 394, 397, 398, 403, 404, 405, 406, 410, 411, 412, 413, 579, 580, 637, 639, 640, 641, 642, 643, 644, 645, 646, 648, 652, 653, 658, 661, 672, 674, 677, 678, 679, 680, 874, 875, 880, 881, 882, 975, 976, 977], "summary": {"covered_lines": 169, "num_statements": 575, "percent_covered": 29.391304347826086, "percent_covered_display": "29.39", "missing_lines": 406, "excluded_lines": 0}, "missing_lines": [157, 167, 168, 171, 172, 182, 186, 187, 195, 196, 199, 205, 209, 239, 240, 245, 248, 249, 250, 254, 257, 258, 262, 271, 272, 274, 278, 279, 280, 281, 282, 286, 287, 288, 289, 290, 291, 292, 293, 294, 299, 315, 316, 321, 325, 326, 335, 336, 337, 338, 339, 340, 341, 342, 348, 349, 350, 360, 361, 367, 368, 375, 376, 381, 382, 399, 400, 414, 415, 420, 421, 422, 423, 426, 427, 428, 429, 430, 431, 432, 433, 437, 438, 441, 442, 443, 444, 450, 451, 461, 464, 465, 466, 467, 470, 473, 474, 477, 478, 479, 482, 483, 486, 487, 488, 492, 493, 495, 496, 499, 501, 508, 512, 513, 514, 515, 516, 517, 518, 521, 522, 523, 524, 525, 526, 527, 530, 531, 532, 533, 534, 535, 536, 539, 540, 541, 542, 543, 544, 545, 546, 547, 548, 549, 552, 553, 554, 555, 556, 557, 558, 562, 563, 564, 565, 566, 567, 568, 570, 571, 572, 573, 574, 575, 576, 581, 582, 586, 587, 588, 589, 590, 591, 593, 594, 596, 597, 598, 599, 600, 603, 604, 605, 606, 609, 610, 611, 612, 615, 616, 617, 618, 619, 620, 623, 624, 625, 626, 627, 628, 630, 631, 632, 633, 638, 649, 650, 654, 655, 656, 662, 663, 664, 665, 666, 667, 668, 675, 676, 681, 683, 684, 685, 686, 689, 690, 691, 692, 693, 694, 695, 696, 697, 698, 700, 701, 702, 704, 705, 706, 707, 708, 709, 710, 713, 714, 715, 716, 717, 718, 719, 720, 721, 722, 723, 724, 725, 726, 729, 730, 731, 732, 733, 734, 736, 737, 738, 740, 748, 749, 750, 752, 753, 754, 756, 757, 758, 759, 760, 761, 762, 764, 765, 766, 767, 768, 769, 770, 772, 773, 774, 775, 776, 777, 778, 779, 780, 782, 783, 791, 792, 793, 797, 805, 806, 807, 808, 809, 810, 811, 812, 813, 814, 818, 819, 820, 821, 825, 826, 827, 829, 830, 832, 833, 835, 865, 866, 867, 870, 871, 876, 877, 883, 884, 888, 892, 893, 894, 895, 896, 897, 898, 899, 900, 901, 902, 903, 904, 905, 909, 911, 912, 913, 914, 915, 916, 918, 922, 923, 924, 926, 927, 928, 929, 930, 932, 933, 934, 939, 942, 945, 946, 948, 952, 953, 954, 955, 956, 958, 959, 960, 961, 962, 963, 964, 967, 968, 969, 970, 971, 978, 979, 980, 984, 985, 987, 990, 991, 992, 995, 996, 998, 1000, 1002, 1003, 1005], "excluded_lines": []}, "": {"executed_lines": [1, 7, 8, 9, 10, 11, 12, 13, 14, 15, 16, 17, 18, 19, 20, 21, 22, 23, 24, 25, 26, 27, 28, 29, 30, 32, 33, 34, 39, 40, 41, 42, 43, 44, 45, 46, 47, 48, 49, 50, 51, 52, 53, 54, 55, 56, 57, 58, 59, 60, 61, 62, 63, 64, 65, 66, 67, 68, 70, 78, 79, 81, 161, 162, 176, 203, 242, 252, 260, 284, 296, 318, 330, 344, 352, 408, 417, 435, 453, 490, 510, 520, 529, 538, 551, 560, 578, 584, 635, 688, 728, 742, 785, 799, 816, 823, 873, 879, 886, 890, 907, 920, 936, 950, 966, 973, 982, 1008], "summary": {"covered_lines": 77, "num_statements": 77, "percent_covered": 100.0, "percent_covered_display": "100.00", "missing_lines": 0, "excluded_lines": 30}, "missing_lines": [], "excluded_lines": [35, 36, 1008, 1009, 1010, 1013, 1014, 1015, 1016, 1017, 1020, 1021, 1024, 1025, 1026, 1029, 1030, 1032, 1033, 1035, 1036, 1038, 1040, 1050, 1051, 1053, 1054, 1055, 1056, 1057]}}}, "wks/db_helpers.py": {"executed_lines": [1, 6, 7, 10, 30, 64, 86, 100], "summary": {"covered_lines": 7, "num_statements": 51, "percent_covered": 13.72549019607843, "percent_covered_display": "13.73", "missing_lines": 44, "excluded_lines": 0}, "missing_lines": [22, 23, 24, 25, 26, 27, 43, 44, 45, 47, 48, 49, 51, 52, 53, 55, 56, 57, 59, 61, 66, 67, 68, 70, 71, 72, 74, 75, 76, 78, 79, 80, 82, 83, 88, 89, 90, 92, 93, 94, 97, 113, 114, 115], "excluded_lines": [], "functions": {"parse_database_key": {"executed_lines": [], "summary": {"covered_lines": 0, "num_statements": 6, "percent_covered": 0.0, "percent_covered_display": "0.00", "missing_lines": 6, "excluded_lines": 0}, "missing_lines": [22, 23, 24, 25, 26, 27], "excluded_lines": []}, "get_monitor_db_config": {"executed_lines": [], "summary": {"covered_lines": 0, "num_statements": 14, "percent_covered": 0.0, "percent_covered_display": "0.00", "missing_lines": 14, "excluded_lines": 0}, "missing_lines": [43, 44, 45, 47, 48, 49, 51, 52, 53, 55, 56, 57, 59, 61], "excluded_lines": []}, "get_vault_db_config": {"executed_lines": [], "summary": {"covered_lines": 0, "num_statements": 14, "percent_covered": 0.0, "percent_covered_display": "0.00", "missing_lines": 14, "excluded_lines": 0}, "missing_lines": [66, 67, 68, 70, 71, 72, 74, 75, 76, 78, 79, 80, 82, 83], "excluded_lines": []}, "get_transform_db_config": {"executed_lines": [], "summary": {"covered_lines": 0, "num_statements": 7, "percent_covered": 0.0, "percent_covered_display": "0.00", "missing_lines": 7, "excluded_lines": 0}, "missing_lines": [88, 89, 90, 92, 93, 94, 97], "excluded_lines": []}, "connect_to_mongo": {"executed_lines": [], "summary": {"covered_lines": 0, "num_statements": 3, "percent_covered": 0.0, "percent_covered_display": "0.00", "missing_lines": 3, "excluded_lines": 0}, "missing_lines": [113, 114, 115], "excluded_lines": []}, "": {"executed_lines": [1, 6, 7, 10, 30, 64, 86, 100], "summary": {"covered_lines": 7, "num_statements": 7, "percent_covered": 100.0, "percent_covered_display": "100.00", "missing_lines": 0, "excluded_lines": 0}, "missing_lines": [], "excluded_lines": []}}, "classes": {"": {"executed_lines": [1, 6, 7, 10, 30, 64, 86, 100], "summary": {"covered_lines": 7, "num_statements": 51, "percent_covered": 13.72549019607843, "percent_covered_display": "13.73", "missing_lines": 44, "excluded_lines": 0}, "missing_lines": [22, 23, 24, 25, 26, 27, 43, 44, 45, 47, 48, 49, 51, 52, 53, 55, 56, 57, 59, 61, 66, 67, 68, 70, 71, 72, 74, 75, 76, 78, 79, 80, 82, 83, 88, 89, 90, 92, 93, 94, 97, 113, 114, 115], "excluded_lines": []}}}, "wks/diff/__init__.py": {"executed_lines": [1, 3, 4, 6], "summary": {"covered_lines": 3, "num_statements": 3, "percent_covered": 100.0, "percent_covered_display": "100.00", "missing_lines": 0, "excluded_lines": 0}, "missing_lines": [], "excluded_lines": [], "functions": {"": {"executed_lines": [1, 3, 4, 6], "summary": {"covered_lines": 3, "num_statements": 3, "percent_covered": 100.0, "percent_covered_display": "100.00", "missing_lines": 0, "excluded_lines": 0}, "missing_lines": [], "excluded_lines": []}}, "classes": {"": {"executed_lines": [1, 3, 4, 6], "summary": {"covered_lines": 3, "num_statements": 3, "percent_covered": 100.0, "percent_covered_display": "100.00", "missing_lines": 0, "excluded_lines": 0}, "missing_lines": [], "excluded_lines": []}}}, "wks/diff/config.py": {"executed_lines": [1, 3, 5, 7, 8, 11, 12, 14, 15, 17, 18, 19, 22, 23, 24, 26, 27, 28, 29, 31, 33, 35, 36, 42, 44, 46, 48, 49, 55, 57, 59, 61, 62, 68, 70, 72, 74, 75, 81, 83, 85, 86, 87, 88, 89, 91, 92, 95, 96, 97, 99, 100, 102, 104, 106, 107, 112, 114, 115, 116, 122, 124, 126, 128, 129, 135, 137, 139, 140, 141, 143, 144, 147, 148, 149, 151, 152, 154, 156, 158, 167, 168, 176, 177, 178, 183, 185, 187, 189, 196, 198, 204, 205, 206, 208, 209, 211, 212, 224, 225, 226, 232, 233, 235, 236, 243, 244, 245, 246, 247, 249, 257, 258, 259, 261, 266], "summary": {"covered_lines": 111, "num_statements": 117, "percent_covered": 94.87179487179488, "percent_covered_display": "94.87", "missing_lines": 6, "excluded_lines": 0}, "missing_lines": [16, 159, 164, 169, 190, 237], "excluded_lines": [], "functions": {"DiffConfigError.__init__": {"executed_lines": [15, 17, 18, 19], "summary": {"covered_lines": 4, "num_statements": 5, "percent_covered": 80.0, "percent_covered_display": "80.00", "missing_lines": 1, "excluded_lines": 0}, "missing_lines": [16], "excluded_lines": []}, "DiffEngineConfig._validate_name": {"executed_lines": [33, 35, 36, 42], "summary": {"covered_lines": 4, "num_statements": 4, "percent_covered": 100.0, "percent_covered_display": "100.00", "missing_lines": 0, "excluded_lines": 0}, "missing_lines": [], "excluded_lines": []}, "DiffEngineConfig._validate_enabled": {"executed_lines": [46, 48, 49, 55], "summary": {"covered_lines": 4, "num_statements": 4, "percent_covered": 100.0, "percent_covered_display": "100.00", "missing_lines": 0, "excluded_lines": 0}, "missing_lines": [], "excluded_lines": []}, "DiffEngineConfig._validate_is_default": {"executed_lines": [59, 61, 62, 68], "summary": {"covered_lines": 4, "num_statements": 4, "percent_covered": 100.0, "percent_covered_display": "100.00", "missing_lines": 0, "excluded_lines": 0}, "missing_lines": [], "excluded_lines": []}, "DiffEngineConfig._validate_options": {"executed_lines": [72, 74, 75, 81], "summary": {"covered_lines": 4, "num_statements": 4, "percent_covered": 100.0, "percent_covered_display": "100.00", "missing_lines": 0, "excluded_lines": 0}, "missing_lines": [], "excluded_lines": []}, "DiffEngineConfig.__post_init__": {"executed_lines": [85, 86, 87, 88, 89, 91, 92], "summary": {"covered_lines": 7, "num_statements": 7, "percent_covered": 100.0, "percent_covered_display": "100.00", "missing_lines": 0, "excluded_lines": 0}, "missing_lines": [], "excluded_lines": []}, "DiffRouterConfig._validate_rules": {"executed_lines": [104, 106, 107, 112, 114, 115, 116, 122], "summary": {"covered_lines": 8, "num_statements": 8, "percent_covered": 100.0, "percent_covered_display": "100.00", "missing_lines": 0, "excluded_lines": 0}, "missing_lines": [], "excluded_lines": []}, "DiffRouterConfig._validate_fallback": {"executed_lines": [126, 128, 129, 135], "summary": {"covered_lines": 4, "num_statements": 4, "percent_covered": 100.0, "percent_covered_display": "100.00", "missing_lines": 0, "excluded_lines": 0}, "missing_lines": [], "excluded_lines": []}, "DiffRouterConfig.__post_init__": {"executed_lines": [139, 140, 141, 143, 144], "summary": {"covered_lines": 5, "num_statements": 5, "percent_covered": 100.0, "percent_covered_display": "100.00", "missing_lines": 0, "excluded_lines": 0}, "missing_lines": [], "excluded_lines": []}, "DiffConfig._validate_engines": {"executed_lines": [156, 158, 167, 168, 176, 177, 178, 183], "summary": {"covered_lines": 8, "num_statements": 11, "percent_covered": 72.72727272727273, "percent_covered_display": "72.73", "missing_lines": 3, "excluded_lines": 0}, "missing_lines": [159, 164, 169], "excluded_lines": []}, "DiffConfig._validate_router": {"executed_lines": [187, 189, 196], "summary": {"covered_lines": 3, "num_statements": 4, "percent_covered": 75.0, "percent_covered_display": "75.00", "missing_lines": 1, "excluded_lines": 0}, "missing_lines": [190], "excluded_lines": []}, "DiffConfig.__post_init__": {"executed_lines": [204, 205, 206, 208, 209], "summary": {"covered_lines": 5, "num_statements": 5, "percent_covered": 100.0, "percent_covered_display": "100.00", "missing_lines": 0, "excluded_lines": 0}, "missing_lines": [], "excluded_lines": []}, "DiffConfig.from_config_dict": {"executed_lines": [224, 225, 226, 232, 233, 235, 236, 243, 244, 245, 246, 247, 249, 257, 258, 259, 261, 266], "summary": {"covered_lines": 18, "num_statements": 19, "percent_covered": 94.73684210526316, "percent_covered_display": "94.74", "missing_lines": 1, "excluded_lines": 0}, "missing_lines": [237], "excluded_lines": []}, "": {"executed_lines": [1, 3, 5, 7, 8, 11, 12, 14, 22, 23, 24, 26, 27, 28, 29, 31, 44, 57, 70, 83, 95, 96, 97, 99, 100, 102, 124, 137, 147, 148, 149, 151, 152, 154, 185, 198, 211, 212], "summary": {"covered_lines": 33, "num_statements": 33, "percent_covered": 100.0, "percent_covered_display": "100.00", "missing_lines": 0, "excluded_lines": 0}, "missing_lines": [], "excluded_lines": []}}, "classes": {"DiffConfigError": {"executed_lines": [15, 17, 18, 19], "summary": {"covered_lines": 4, "num_statements": 5, "percent_covered": 80.0, "percent_covered_display": "80.00", "missing_lines": 1, "excluded_lines": 0}, "missing_lines": [16], "excluded_lines": []}, "DiffEngineConfig": {"executed_lines": [33, 35, 36, 42, 46, 48, 49, 55, 59, 61, 62, 68, 72, 74, 75, 81, 85, 86, 87, 88, 89, 91, 92], "summary": {"covered_lines": 23, "num_statements": 23, "percent_covered": 100.0, "percent_covered_display": "100.00", "missing_lines": 0, "excluded_lines": 0}, "missing_lines": [], "excluded_lines": []}, "DiffRouterConfig": {"executed_lines": [104, 106, 107, 112, 114, 115, 116, 122, 126, 128, 129, 135, 139, 140, 141, 143, 144], "summary": {"covered_lines": 17, "num_statements": 17, "percent_covered": 100.0, "percent_covered_display": "100.00", "missing_lines": 0, "excluded_lines": 0}, "missing_lines": [], "excluded_lines": []}, "DiffConfig": {"executed_lines": [156, 158, 167, 168, 176, 177, 178, 183, 187, 189, 196, 204, 205, 206, 208, 209, 224, 225, 226, 232, 233, 235, 236, 243, 244, 245, 246, 247, 249, 257, 258, 259, 261, 266], "summary": {"covered_lines": 34, "num_statements": 39, "percent_covered": 87.17948717948718, "percent_covered_display": "87.18", "missing_lines": 5, "excluded_lines": 0}, "missing_lines": [159, 164, 169, 190, 237], "excluded_lines": []}, "": {"executed_lines": [1, 3, 5, 7, 8, 11, 12, 14, 22, 23, 24, 26, 27, 28, 29, 31, 44, 57, 70, 83, 95, 96, 97, 99, 100, 102, 124, 137, 147, 148, 149, 151, 152, 154, 185, 198, 211, 212], "summary": {"covered_lines": 33, "num_statements": 33, "percent_covered": 100.0, "percent_covered_display": "100.00", "missing_lines": 0, "excluded_lines": 0}, "missing_lines": [], "excluded_lines": []}}}, "wks/diff/controller.py": {"executed_lines": [1, 3, 4, 5, 7, 8, 11, 12, 14, 22, 23, 25, 47, 48, 50, 51, 53, 54, 57, 58, 59, 60, 63, 64, 70, 71, 72, 75, 76, 78, 88, 91, 92, 93, 96, 99, 100, 101, 102, 103, 105, 107, 111], "summary": {"covered_lines": 41, "num_statements": 41, "percent_covered": 100.0, "percent_covered_display": "100.00", "missing_lines": 0, "excluded_lines": 0}, "missing_lines": [], "excluded_lines": [], "functions": {"DiffController.__init__": {"executed_lines": [22, 23], "summary": {"covered_lines": 2, "num_statements": 2, "percent_covered": 100.0, "percent_covered_display": "100.00", "missing_lines": 0, "excluded_lines": 0}, "missing_lines": [], "excluded_lines": []}, "DiffController.diff": {"executed_lines": [47, 48, 50, 51, 53, 54, 57, 58, 59, 60, 63, 64, 70, 71, 72, 75, 76], "summary": {"covered_lines": 17, "num_statements": 17, "percent_covered": 100.0, "percent_covered_display": "100.00", "missing_lines": 0, "excluded_lines": 0}, "missing_lines": [], "excluded_lines": []}, "DiffController._resolve_target": {"executed_lines": [88, 91, 92, 93, 96, 99, 100, 101, 102, 103, 105, 107, 111], "summary": {"covered_lines": 13, "num_statements": 13, "percent_covered": 100.0, "percent_covered_display": "100.00", "missing_lines": 0, "excluded_lines": 0}, "missing_lines": [], "excluded_lines": []}, "": {"executed_lines": [1, 3, 4, 5, 7, 8, 11, 12, 14, 25, 78], "summary": {"covered_lines": 9, "num_statements": 9, "percent_covered": 100.0, "percent_covered_display": "100.00", "missing_lines": 0, "excluded_lines": 0}, "missing_lines": [], "excluded_lines": []}}, "classes": {"DiffController": {"executed_lines": [22, 23, 47, 48, 50, 51, 53, 54, 57, 58, 59, 60, 63, 64, 70, 71, 72, 75, 76, 88, 91, 92, 93, 96, 99, 100, 101, 102, 103, 105, 107, 111], "summary": {"covered_lines": 32, "num_statements": 32, "percent_covered": 100.0, "percent_covered_display": "100.00", "missing_lines": 0, "excluded_lines": 0}, "missing_lines": [], "excluded_lines": []}, "": {"executed_lines": [1, 3, 4, 5, 7, 8, 11, 12, 14, 25, 78], "summary": {"covered_lines": 9, "num_statements": 9, "percent_covered": 100.0, "percent_covered_display": "100.00", "missing_lines": 0, "excluded_lines": 0}, "missing_lines": [], "excluded_lines": []}}}, "wks/diff/engines.py": {"executed_lines": [1, 3, 4, 5, 6, 9, 10, 12, 13, 31, 32, 34, 50, 51, 53, 54, 56, 59, 60, 62, 78, 79, 80, 81, 84, 87, 89, 90, 98, 99, 101, 102, 104, 106, 107, 108, 109, 111, 120, 122, 123, 126, 127, 130, 131, 132, 140, 141, 145, 152, 161], "summary": {"covered_lines": 45, "num_statements": 51, "percent_covered": 88.23529411764706, "percent_covered_display": "88.24", "missing_lines": 6, "excluded_lines": 17}, "missing_lines": [133, 135, 136, 137, 138, 139], "excluded_lines": [12, 13, 14, 15, 16, 17, 18, 19, 20, 21, 22, 23, 24, 25, 26, 27, 28], "functions": {"DiffEngine.diff": {"executed_lines": [], "summary": {"covered_lines": 0, "num_statements": 0, "percent_covered": 100.0, "percent_covered_display": "100.00", "missing_lines": 0, "excluded_lines": 15}, "missing_lines": [], "excluded_lines": [14, 15, 16, 17, 18, 19, 20, 21, 22, 23, 24, 25, 26, 27, 28]}, "Bsdiff3Engine.diff": {"executed_lines": [50, 51, 53, 54, 56], "summary": {"covered_lines": 5, "num_statements": 5, "percent_covered": 100.0, "percent_covered_display": "100.00", "missing_lines": 0, "excluded_lines": 0}, "missing_lines": [], "excluded_lines": []}, "MyersEngine.diff": {"executed_lines": [78, 79, 80, 81, 84, 87, 89, 90, 98, 99, 101, 102, 104, 106, 107, 108, 109], "summary": {"covered_lines": 17, "num_statements": 17, "percent_covered": 100.0, "percent_covered_display": "100.00", "missing_lines": 0, "excluded_lines": 0}, "missing_lines": [], "excluded_lines": []}, "MyersEngine._is_text_file": {"executed_lines": [120, 122, 123, 126, 127, 130, 131, 132, 140, 141], "summary": {"covered_lines": 10, "num_statements": 16, "percent_covered": 62.5, "percent_covered_display": "62.50", "missing_lines": 6, "excluded_lines": 0}, "missing_lines": [133, 135, 136, 137, 138, 139], "excluded_lines": []}, "get_engine": {"executed_lines": [161], "summary": {"covered_lines": 1, "num_statements": 1, "percent_covered": 100.0, "percent_covered_display": "100.00", "missing_lines": 0, "excluded_lines": 0}, "missing_lines": [], "excluded_lines": []}, "": {"executed_lines": [1, 3, 4, 5, 6, 9, 10, 12, 13, 31, 32, 34, 59, 60, 62, 111, 145, 152], "summary": {"covered_lines": 12, "num_statements": 12, "percent_covered": 100.0, "percent_covered_display": "100.00", "missing_lines": 0, "excluded_lines": 2}, "missing_lines": [], "excluded_lines": [12, 13]}}, "classes": {"DiffEngine": {"executed_lines": [], "summary": {"covered_lines": 0, "num_statements": 0, "percent_covered": 100.0, "percent_covered_display": "100.00", "missing_lines": 0, "excluded_lines": 15}, "missing_lines": [], "excluded_lines": [14, 15, 16, 17, 18, 19, 20, 21, 22, 23, 24, 25, 26, 27, 28]}, "Bsdiff3Engine": {"executed_lines": [50, 51, 53, 54, 56], "summary": {"covered_lines": 5, "num_statements": 5, "percent_covered": 100.0, "percent_covered_display": "100.00", "missing_lines": 0, "excluded_lines": 0}, "missing_lines": [], "excluded_lines": []}, "MyersEngine": {"executed_lines": [78, 79, 80, 81, 84, 87, 89, 90, 98, 99, 101, 102, 104, 106, 107, 108, 109, 120, 122, 123, 126, 127, 130, 131, 132, 140, 141], "summary": {"covered_lines": 27, "num_statements": 33, "percent_covered": 81.81818181818181, "percent_covered_display": "81.82", "missing_lines": 6, "excluded_lines": 0}, "missing_lines": [133, 135, 136, 137, 138, 139], "excluded_lines": []}, "": {"executed_lines": [1, 3, 4, 5, 6, 9, 10, 12, 13, 31, 32, 34, 59, 60, 62, 111, 145, 152, 161], "summary": {"covered_lines": 13, "num_statements": 13, "percent_covered": 100.0, "percent_covered_display": "100.00", "missing_lines": 0, "excluded_lines": 2}, "missing_lines": [], "excluded_lines": [12, 13]}}}, "wks/display/__init__.py": {"executed_lines": [1, 3, 4, 5, 6, 7, 9], "summary": {"covered_lines": 6, "num_statements": 6, "percent_covered": 100.0, "percent_covered_display": "100.00", "missing_lines": 0, "excluded_lines": 0}, "missing_lines": [], "excluded_lines": [], "functions": {"": {"executed_lines": [1, 3, 4, 5, 6, 7, 9], "summary": {"covered_lines": 6, "num_statements": 6, "percent_covered": 100.0, "percent_covered_display": "100.00", "missing_lines": 0, "excluded_lines": 0}, "missing_lines": [], "excluded_lines": []}}, "classes": {"": {"executed_lines": [1, 3, 4, 5, 6, 7, 9], "summary": {"covered_lines": 6, "num_statements": 6, "percent_covered": 100.0, "percent_covered_display": "100.00", "missing_lines": 0, "excluded_lines": 0}, "missing_lines": [], "excluded_lines": []}}}, "wks/display/base.py": {"executed_lines": [1, 3, 4, 5, 8, 9, 11, 12, 21, 22, 31, 32, 41, 42, 51, 52, 61, 62, 72, 73, 86, 87, 97, 98, 107, 108, 120, 121, 131, 132, 142, 143, 153, 154, 163, 164], "summary": {"covered_lines": 4, "num_statements": 4, "percent_covered": 100.0, "percent_covered_display": "100.00", "missing_lines": 0, "excluded_lines": 148}, "missing_lines": [], "excluded_lines": [11, 12, 13, 14, 15, 16, 17, 18, 19, 21, 22, 23, 24, 25, 26, 27, 28, 29, 31, 32, 33, 34, 35, 36, 37, 38, 39, 41, 42, 43, 44, 45, 46, 47, 48, 49, 51, 52, 53, 54, 55, 56, 57, 58, 59, 61, 62, 63, 64, 65, 66, 67, 68, 69, 70, 72, 73, 74, 75, 76, 77, 78, 79, 80, 81, 82, 83, 84, 86, 87, 88, 89, 90, 91, 92, 93, 94, 95, 97, 98, 99, 100, 101, 102, 103, 104, 105, 107, 108, 109, 110, 111, 112, 113, 114, 115, 116, 117, 118, 120, 121, 122, 123, 124, 125, 126, 127, 128, 129, 131, 132, 133, 134, 135, 136, 137, 138, 139, 140, 142, 143, 144, 145, 146, 147, 148, 149, 150, 151, 153, 154, 155, 156, 157, 158, 159, 160, 161, 163, 164, 165, 166, 167, 168, 169, 170, 171, 172], "functions": {"Display.status": {"executed_lines": [], "summary": {"covered_lines": 0, "num_statements": 0, "percent_covered": 100.0, "percent_covered_display": "100.00", "missing_lines": 0, "excluded_lines": 7}, "missing_lines": [], "excluded_lines": [13, 14, 15, 16, 17, 18, 19]}, "Display.success": {"executed_lines": [], "summary": {"covered_lines": 0, "num_statements": 0, "percent_covered": 100.0, "percent_covered_display": "100.00", "missing_lines": 0, "excluded_lines": 7}, "missing_lines": [], "excluded_lines": [23, 24, 25, 26, 27, 28, 29]}, "Display.error": {"executed_lines": [], "summary": {"covered_lines": 0, "num_statements": 0, "percent_covered": 100.0, "percent_covered_display": "100.00", "missing_lines": 0, "excluded_lines": 7}, "missing_lines": [], "excluded_lines": [33, 34, 35, 36, 37, 38, 39]}, "Display.warning": {"executed_lines": [], "summary": {"covered_lines": 0, "num_statements": 0, "percent_covered": 100.0, "percent_covered_display": "100.00", "missing_lines": 0, "excluded_lines": 7}, "missing_lines": [], "excluded_lines": [43, 44, 45, 46, 47, 48, 49]}, "Display.info": {"executed_lines": [], "summary": {"covered_lines": 0, "num_statements": 0, "percent_covered": 100.0, "percent_covered_display": "100.00", "missing_lines": 0, "excluded_lines": 7}, "missing_lines": [], "excluded_lines": [53, 54, 55, 56, 57, 58, 59]}, "Display.table": {"executed_lines": [], "summary": {"covered_lines": 0, "num_statements": 0, "percent_covered": 100.0, "percent_covered_display": "100.00", "missing_lines": 0, "excluded_lines": 8}, "missing_lines": [], "excluded_lines": [63, 64, 65, 66, 67, 68, 69, 70]}, "Display.progress_start": {"executed_lines": [], "summary": {"covered_lines": 0, "num_statements": 0, "percent_covered": 100.0, "percent_covered_display": "100.00", "missing_lines": 0, "excluded_lines": 11}, "missing_lines": [], "excluded_lines": [74, 75, 76, 77, 78, 79, 80, 81, 82, 83, 84]}, "Display.progress_update": {"executed_lines": [], "summary": {"covered_lines": 0, "num_statements": 0, "percent_covered": 100.0, "percent_covered_display": "100.00", "missing_lines": 0, "excluded_lines": 8}, "missing_lines": [], "excluded_lines": [88, 89, 90, 91, 92, 93, 94, 95]}, "Display.progress_finish": {"executed_lines": [], "summary": {"covered_lines": 0, "num_statements": 0, "percent_covered": 100.0, "percent_covered_display": "100.00", "missing_lines": 0, "excluded_lines": 7}, "missing_lines": [], "excluded_lines": [99, 100, 101, 102, 103, 104, 105]}, "Display.spinner_start": {"executed_lines": [], "summary": {"covered_lines": 0, "num_statements": 0, "percent_covered": 100.0, "percent_covered_display": "100.00", "missing_lines": 0, "excluded_lines": 10}, "missing_lines": [], "excluded_lines": [109, 110, 111, 112, 113, 114, 115, 116, 117, 118]}, "Display.spinner_update": {"executed_lines": [], "summary": {"covered_lines": 0, "num_statements": 0, "percent_covered": 100.0, "percent_covered_display": "100.00", "missing_lines": 0, "excluded_lines": 8}, "missing_lines": [], "excluded_lines": [122, 123, 124, 125, 126, 127, 128, 129]}, "Display.spinner_finish": {"executed_lines": [], "summary": {"covered_lines": 0, "num_statements": 0, "percent_covered": 100.0, "percent_covered_display": "100.00", "missing_lines": 0, "excluded_lines": 8}, "missing_lines": [], "excluded_lines": [133, 134, 135, 136, 137, 138, 139, 140]}, "Display.tree": {"executed_lines": [], "summary": {"covered_lines": 0, "num_statements": 0, "percent_covered": 100.0, "percent_covered_display": "100.00", "missing_lines": 0, "excluded_lines": 8}, "missing_lines": [], "excluded_lines": [144, 145, 146, 147, 148, 149, 150, 151]}, "Display.json_output": {"executed_lines": [], "summary": {"covered_lines": 0, "num_statements": 0, "percent_covered": 100.0, "percent_covered_display": "100.00", "missing_lines": 0, "excluded_lines": 7}, "missing_lines": [], "excluded_lines": [155, 156, 157, 158, 159, 160, 161]}, "Display.panel": {"executed_lines": [], "summary": {"covered_lines": 0, "num_statements": 0, "percent_covered": 100.0, "percent_covered_display": "100.00", "missing_lines": 0, "excluded_lines": 8}, "missing_lines": [], "excluded_lines": [165, 166, 167, 168, 169, 170, 171, 172]}, "": {"executed_lines": [1, 3, 4, 5, 8, 9, 11, 12, 21, 22, 31, 32, 41, 42, 51, 52, 61, 62, 72, 73, 86, 87, 97, 98, 107, 108, 120, 121, 131, 132, 142, 143, 153, 154, 163, 164], "summary": {"covered_lines": 4, "num_statements": 4, "percent_covered": 100.0, "percent_covered_display": "100.00", "missing_lines": 0, "excluded_lines": 30}, "missing_lines": [], "excluded_lines": [11, 12, 21, 22, 31, 32, 41, 42, 51, 52, 61, 62, 72, 73, 86, 87, 97, 98, 107, 108, 120, 121, 131, 132, 142, 143, 153, 154, 163, 164]}}, "classes": {"Display": {"executed_lines": [], "summary": {"covered_lines": 0, "num_statements": 0, "percent_covered": 100.0, "percent_covered_display": "100.00", "missing_lines": 0, "excluded_lines": 118}, "missing_lines": [], "excluded_lines": [13, 14, 15, 16, 17, 18, 19, 23, 24, 25, 26, 27, 28, 29, 33, 34, 35, 36, 37, 38, 39, 43, 44, 45, 46, 47, 48, 49, 53, 54, 55, 56, 57, 58, 59, 63, 64, 65, 66, 67, 68, 69, 70, 74, 75, 76, 77, 78, 79, 80, 81, 82, 83, 84, 88, 89, 90, 91, 92, 93, 94, 95, 99, 100, 101, 102, 103, 104, 105, 109, 110, 111, 112, 113, 114, 115, 116, 117, 118, 122, 123, 124, 125, 126, 127, 128, 129, 133, 134, 135, 136, 137, 138, 139, 140, 144, 145, 146, 147, 148, 149, 150, 151, 155, 156, 157, 158, 159, 160, 161, 165, 166, 167, 168, 169, 170, 171, 172]}, "": {"executed_lines": [1, 3, 4, 5, 8, 9, 11, 12, 21, 22, 31, 32, 41, 42, 51, 52, 61, 62, 72, 73, 86, 87, 97, 98, 107, 108, 120, 121, 131, 132, 142, 143, 153, 154, 163, 164], "summary": {"covered_lines": 4, "num_statements": 4, "percent_covered": 100.0, "percent_covered_display": "100.00", "missing_lines": 0, "excluded_lines": 30}, "missing_lines": [], "excluded_lines": [11, 12, 21, 22, 31, 32, 41, 42, 51, 52, 61, 62, 72, 73, 86, 87, 97, 98, 107, 108, 120, 121, 131, 132, 142, 143, 153, 154, 163, 164]}}}, "wks/display/cli.py": {"executed_lines": [1, 3, 4, 5, 7, 9, 10, 11, 12, 13, 14, 15, 16, 17, 21, 24, 25, 27, 28, 32, 33, 34, 35, 39, 40, 41, 42, 44, 48, 50, 52, 54, 55, 56, 57, 59, 61, 63, 65, 67, 69, 95, 114, 128, 137, 143, 148, 155, 161, 180, 182, 183, 184, 185, 186, 188], "summary": {"covered_lines": 54, "num_statements": 123, "percent_covered": 43.90243902439025, "percent_covered_display": "43.90", "missing_lines": 69, "excluded_lines": 0}, "missing_lines": [18, 19, 29, 36, 37, 46, 71, 72, 73, 75, 76, 77, 78, 81, 82, 84, 86, 87, 88, 90, 91, 93, 97, 105, 106, 109, 110, 112, 116, 117, 119, 122, 123, 124, 126, 130, 131, 133, 134, 135, 139, 140, 141, 145, 146, 150, 151, 152, 153, 157, 158, 159, 163, 164, 165, 166, 167, 169, 170, 171, 172, 173, 174, 176, 178, 190, 191, 192, 198], "excluded_lines": [], "functions": {"CLIDisplay.__init__": {"executed_lines": [28, 32, 33, 34, 35, 39, 40, 41, 42], "summary": {"covered_lines": 9, "num_statements": 12, "percent_covered": 75.0, "percent_covered_display": "75.00", "missing_lines": 3, "excluded_lines": 0}, "missing_lines": [29, 36, 37], "excluded_lines": []}, "CLIDisplay.status": {"executed_lines": [], "summary": {"covered_lines": 0, "num_statements": 1, "percent_covered": 0.0, "percent_covered_display": "0.00", "missing_lines": 1, "excluded_lines": 0}, "missing_lines": [46], "excluded_lines": []}, "CLIDisplay.success": {"executed_lines": [50], "summary": {"covered_lines": 1, "num_statements": 1, "percent_covered": 100.0, "percent_covered_display": "100.00", "missing_lines": 0, "excluded_lines": 0}, "missing_lines": [], "excluded_lines": []}, "CLIDisplay.error": {"executed_lines": [54, 55, 56, 57, 59], "summary": {"covered_lines": 5, "num_statements": 5, "percent_covered": 100.0, "percent_covered_display": "100.00", "missing_lines": 0, "excluded_lines": 0}, "missing_lines": [], "excluded_lines": []}, "CLIDisplay.warning": {"executed_lines": [63], "summary": {"covered_lines": 1, "num_statements": 1, "percent_covered": 100.0, "percent_covered_display": "100.00", "missing_lines": 0, "excluded_lines": 0}, "missing_lines": [], "excluded_lines": []}, "CLIDisplay.info": {"executed_lines": [67], "summary": {"covered_lines": 1, "num_statements": 1, "percent_covered": 100.0, "percent_covered_display": "100.00", "missing_lines": 0, "excluded_lines": 0}, "missing_lines": [], "excluded_lines": []}, "CLIDisplay.table": {"executed_lines": [], "summary": {"covered_lines": 0, "num_statements": 16, "percent_covered": 0.0, "percent_covered_display": "0.00", "missing_lines": 16, "excluded_lines": 0}, "missing_lines": [71, 72, 73, 75, 76, 77, 78, 81, 82, 84, 86, 87, 88, 90, 91, 93], "excluded_lines": []}, "CLIDisplay.progress_start": {"executed_lines": [], "summary": {"covered_lines": 0, "num_statements": 6, "percent_covered": 0.0, "percent_covered_display": "0.00", "missing_lines": 6, "excluded_lines": 0}, "missing_lines": [97, 105, 106, 109, 110, 112], "excluded_lines": []}, "CLIDisplay.progress_update": {"executed_lines": [], "summary": {"covered_lines": 0, "num_statements": 7, "percent_covered": 0.0, "percent_covered_display": "0.00", "missing_lines": 7, "excluded_lines": 0}, "missing_lines": [116, 117, 119, 122, 123, 124, 126], "excluded_lines": []}, "CLIDisplay.progress_finish": {"executed_lines": [], "summary": {"covered_lines": 0, "num_statements": 5, "percent_covered": 0.0, "percent_covered_display": "0.00", "missing_lines": 5, "excluded_lines": 0}, "missing_lines": [130, 131, 133, 134, 135], "excluded_lines": []}, "CLIDisplay.spinner_start": {"executed_lines": [], "summary": {"covered_lines": 0, "num_statements": 3, "percent_covered": 0.0, "percent_covered_display": "0.00", "missing_lines": 3, "excluded_lines": 0}, "missing_lines": [139, 140, 141], "excluded_lines": []}, "CLIDisplay.spinner_update": {"executed_lines": [], "summary": {"covered_lines": 0, "num_statements": 2, "percent_covered": 0.0, "percent_covered_display": "0.00", "missing_lines": 2, "excluded_lines": 0}, "missing_lines": [145, 146], "excluded_lines": []}, "CLIDisplay.spinner_finish": {"executed_lines": [], "summary": {"covered_lines": 0, "num_statements": 4, "percent_covered": 0.0, "percent_covered_display": "0.00", "missing_lines": 4, "excluded_lines": 0}, "missing_lines": [150, 151, 152, 153], "excluded_lines": []}, "CLIDisplay.tree": {"executed_lines": [], "summary": {"covered_lines": 0, "num_statements": 3, "percent_covered": 0.0, "percent_covered_display": "0.00", "missing_lines": 3, "excluded_lines": 0}, "missing_lines": [157, 158, 159], "excluded_lines": []}, "CLIDisplay._build_tree": {"executed_lines": [], "summary": {"covered_lines": 0, "num_statements": 13, "percent_covered": 0.0, "percent_covered_display": "0.00", "missing_lines": 13, "excluded_lines": 0}, "missing_lines": [163, 164, 165, 166, 167, 169, 170, 171, 172, 173, 174, 176, 178], "excluded_lines": []}, "CLIDisplay.json_output": {"executed_lines": [182, 183, 184, 185, 186], "summary": {"covered_lines": 5, "num_statements": 5, "percent_covered": 100.0, "percent_covered_display": "100.00", "missing_lines": 0, "excluded_lines": 0}, "missing_lines": [], "excluded_lines": []}, "CLIDisplay.panel": {"executed_lines": [], "summary": {"covered_lines": 0, "num_statements": 4, "percent_covered": 0.0, "percent_covered_display": "0.00", "missing_lines": 4, "excluded_lines": 0}, "missing_lines": [190, 191, 192, 198], "excluded_lines": []}, "": {"executed_lines": [1, 3, 4, 5, 7, 9, 10, 11, 12, 13, 14, 15, 16, 17, 21, 24, 25, 27, 44, 48, 52, 61, 65, 69, 95, 114, 128, 137, 143, 148, 155, 161, 180, 188], "summary": {"covered_lines": 32, "num_statements": 34, "percent_covered": 94.11764705882354, "percent_covered_display": "94.12", "missing_lines": 2, "excluded_lines": 0}, "missing_lines": [18, 19], "excluded_lines": []}}, "classes": {"CLIDisplay": {"executed_lines": [28, 32, 33, 34, 35, 39, 40, 41, 42, 50, 54, 55, 56, 57, 59, 63, 67, 182, 183, 184, 185, 186], "summary": {"covered_lines": 22, "num_statements": 89, "percent_covered": 24.719101123595507, "percent_covered_display": "24.72", "missing_lines": 67, "excluded_lines": 0}, "missing_lines": [29, 36, 37, 46, 71, 72, 73, 75, 76, 77, 78, 81, 82, 84, 86, 87, 88, 90, 91, 93, 97, 105, 106, 109, 110, 112, 116, 117, 119, 122, 123, 124, 126, 130, 131, 133, 134, 135, 139, 140, 141, 145, 146, 150, 151, 152, 153, 157, 158, 159, 163, 164, 165, 166, 167, 169, 170, 171, 172, 173, 174, 176, 178, 190, 191, 192, 198], "excluded_lines": []}, "": {"executed_lines": [1, 3, 4, 5, 7, 9, 10, 11, 12, 13, 14, 15, 16, 17, 21, 24, 25, 27, 44, 48, 52, 61, 65, 69, 95, 114, 128, 137, 143, 148, 155, 161, 180, 188], "summary": {"covered_lines": 32, "num_statements": 34, "percent_covered": 94.11764705882354, "percent_covered_display": "94.12", "missing_lines": 2, "excluded_lines": 0}, "missing_lines": [18, 19], "excluded_lines": []}}}, "wks/display/context.py": {"executed_lines": [1, 3, 4, 5, 7, 8, 9, 12, 15, 22, 25, 30, 32, 35, 38, 48, 52, 53, 54, 55, 60, 66, 68], "summary": {"covered_lines": 22, "num_statements": 27, "percent_covered": 81.48148148148148, "percent_covered_display": "81.48", "missing_lines": 5, "excluded_lines": 0}, "missing_lines": [23, 26, 33, 50, 57], "excluded_lines": [], "functions": {"is_mcp_context": {"executed_lines": [22, 25, 30, 32, 35], "summary": {"covered_lines": 5, "num_statements": 8, "percent_covered": 62.5, "percent_covered_display": "62.50", "missing_lines": 3, "excluded_lines": 0}, "missing_lines": [23, 26, 33], "excluded_lines": []}, "get_display": {"executed_lines": [48, 52, 53, 54, 55], "summary": {"covered_lines": 5, "num_statements": 7, "percent_covered": 71.42857142857143, "percent_covered_display": "71.43", "missing_lines": 2, "excluded_lines": 0}, "missing_lines": [50, 57], "excluded_lines": []}, "add_display_argument": {"executed_lines": [66, 68], "summary": {"covered_lines": 2, "num_statements": 2, "percent_covered": 100.0, "percent_covered_display": "100.00", "missing_lines": 0, "excluded_lines": 0}, "missing_lines": [], "excluded_lines": []}, "": {"executed_lines": [1, 3, 4, 5, 7, 8, 9, 12, 15, 38, 60], "summary": {"covered_lines": 10, "num_statements": 10, "percent_covered": 100.0, "percent_covered_display": "100.00", "missing_lines": 0, "excluded_lines": 0}, "missing_lines": [], "excluded_lines": []}}, "classes": {"": {"executed_lines": [1, 3, 4, 5, 7, 8, 9, 12, 15, 22, 25, 30, 32, 35, 38, 48, 52, 53, 54, 55, 60, 66, 68], "summary": {"covered_lines": 22, "num_statements": 27, "percent_covered": 81.48148148148148, "percent_covered_display": "81.48", "missing_lines": 5, "excluded_lines": 0}, "missing_lines": [23, 26, 33, 50, 57], "excluded_lines": []}}}, "wks/display/mcp.py": {"executed_lines": [1, 3, 4, 5, 7, 10, 15, 16, 18, 19, 20, 22, 26, 34, 45, 56, 64, 72, 85, 95, 102, 115, 120, 124, 129, 140, 148], "summary": {"covered_lines": 25, "num_statements": 69, "percent_covered": 36.231884057971016, "percent_covered_display": "36.23", "missing_lines": 44, "excluded_lines": 0}, "missing_lines": [12, 24, 28, 36, 41, 42, 43, 47, 52, 53, 54, 58, 66, 74, 79, 80, 81, 82, 83, 87, 88, 93, 97, 98, 99, 100, 104, 105, 106, 113, 117, 118, 122, 126, 127, 131, 136, 137, 138, 142, 150, 155, 156, 157], "excluded_lines": [], "functions": {"_now_iso": {"executed_lines": [], "summary": {"covered_lines": 0, "num_statements": 1, "percent_covered": 0.0, "percent_covered_display": "0.00", "missing_lines": 1, "excluded_lines": 0}, "missing_lines": [12], "excluded_lines": []}, "MCPDisplay.__init__": {"executed_lines": [19, 20], "summary": {"covered_lines": 2, "num_statements": 2, "percent_covered": 100.0, "percent_covered_display": "100.00", "missing_lines": 0, "excluded_lines": 0}, "missing_lines": [], "excluded_lines": []}, "MCPDisplay._output": {"executed_lines": [], "summary": {"covered_lines": 0, "num_statements": 1, "percent_covered": 0.0, "percent_covered_display": "0.00", "missing_lines": 1, "excluded_lines": 0}, "missing_lines": [24], "excluded_lines": []}, "MCPDisplay.status": {"executed_lines": [], "summary": {"covered_lines": 0, "num_statements": 1, "percent_covered": 0.0, "percent_covered_display": "0.00", "missing_lines": 1, "excluded_lines": 0}, "missing_lines": [28], "excluded_lines": []}, "MCPDisplay.success": {"executed_lines": [], "summary": {"covered_lines": 0, "num_statements": 4, "percent_covered": 0.0, "percent_covered_display": "0.00", "missing_lines": 4, "excluded_lines": 0}, "missing_lines": [36, 41, 42, 43], "excluded_lines": []}, "MCPDisplay.error": {"executed_lines": [], "summary": {"covered_lines": 0, "num_statements": 4, "percent_covered": 0.0, "percent_covered_display": "0.00", "missing_lines": 4, "excluded_lines": 0}, "missing_lines": [47, 52, 53, 54], "excluded_lines": []}, "MCPDisplay.warning": {"executed_lines": [], "summary": {"covered_lines": 0, "num_statements": 1, "percent_covered": 0.0, "percent_covered_display": "0.00", "missing_lines": 1, "excluded_lines": 0}, "missing_lines": [58], "excluded_lines": []}, "MCPDisplay.info": {"executed_lines": [], "summary": {"covered_lines": 0, "num_statements": 1, "percent_covered": 0.0, "percent_covered_display": "0.00", "missing_lines": 1, "excluded_lines": 0}, "missing_lines": [66], "excluded_lines": []}, "MCPDisplay.table": {"executed_lines": [], "summary": {"covered_lines": 0, "num_statements": 6, "percent_covered": 0.0, "percent_covered_display": "0.00", "missing_lines": 6, "excluded_lines": 0}, "missing_lines": [74, 79, 80, 81, 82, 83], "excluded_lines": []}, "MCPDisplay.progress_start": {"executed_lines": [], "summary": {"covered_lines": 0, "num_statements": 3, "percent_covered": 0.0, "percent_covered_display": "0.00", "missing_lines": 3, "excluded_lines": 0}, "missing_lines": [87, 88, 93], "excluded_lines": []}, "MCPDisplay.progress_update": {"executed_lines": [], "summary": {"covered_lines": 0, "num_statements": 4, "percent_covered": 0.0, "percent_covered_display": "0.00", "missing_lines": 4, "excluded_lines": 0}, "missing_lines": [97, 98, 99, 100], "excluded_lines": []}, "MCPDisplay.progress_finish": {"executed_lines": [], "summary": {"covered_lines": 0, "num_statements": 4, "percent_covered": 0.0, "percent_covered_display": "0.00", "missing_lines": 4, "excluded_lines": 0}, "missing_lines": [104, 105, 106, 113], "excluded_lines": []}, "MCPDisplay.spinner_start": {"executed_lines": [], "summary": {"covered_lines": 0, "num_statements": 2, "percent_covered": 0.0, "percent_covered_display": "0.00", "missing_lines": 2, "excluded_lines": 0}, "missing_lines": [117, 118], "excluded_lines": []}, "MCPDisplay.spinner_update": {"executed_lines": [], "summary": {"covered_lines": 0, "num_statements": 1, "percent_covered": 0.0, "percent_covered_display": "0.00", "missing_lines": 1, "excluded_lines": 0}, "missing_lines": [122], "excluded_lines": []}, "MCPDisplay.spinner_finish": {"executed_lines": [], "summary": {"covered_lines": 0, "num_statements": 2, "percent_covered": 0.0, "percent_covered_display": "0.00", "missing_lines": 2, "excluded_lines": 0}, "missing_lines": [126, 127], "excluded_lines": []}, "MCPDisplay.tree": {"executed_lines": [], "summary": {"covered_lines": 0, "num_statements": 4, "percent_covered": 0.0, "percent_covered_display": "0.00", "missing_lines": 4, "excluded_lines":
[...]
overed": 100.0, "percent_covered_display": "100.00", "missing_lines": 0, "excluded_lines": 0}, "missing_lines": [], "excluded_lines": []}, "LinkResolver._is_external_url": {"executed_lines": [87], "summary": {"covered_lines": 1, "num_statements": 1, "percent_covered": 100.0, "percent_covered_display": "100.00", "missing_lines": 0, "excluded_lines": 0}, "missing_lines": [], "excluded_lines": []}, "LinkResolver._is_legacy_path": {"executed_lines": [90], "summary": {"covered_lines": 1, "num_statements": 1, "percent_covered": 100.0, "percent_covered_display": "100.00", "missing_lines": 0, "excluded_lines": 0}, "missing_lines": [], "excluded_lines": []}, "LinkResolver._resolve_legacy_links": {"executed_lines": [95, 96], "summary": {"covered_lines": 2, "num_statements": 2, "percent_covered": 100.0, "percent_covered_display": "100.00", "missing_lines": 0, "excluded_lines": 0}, "missing_lines": [], "excluded_lines": []}, "LinkResolver._resolve_symlink": {"executed_lines": [106, 107, 109, 111, 116, 117, 124, 125, 128, 129, 134], "summary": {"covered_lines": 11, "num_statements": 15, "percent_covered": 73.33333333333333, "percent_covered_display": "73.33", "missing_lines": 4, "excluded_lines": 0}, "missing_lines": [118, 122, 130, 132], "excluded_lines": []}, "LinkResolver._resolve_attachment": {"executed_lines": [141], "summary": {"covered_lines": 1, "num_statements": 1, "percent_covered": 100.0, "percent_covered_display": "100.00", "missing_lines": 0, "excluded_lines": 0}, "missing_lines": [], "excluded_lines": []}, "LinkResolver._resolve_external_url": {"executed_lines": [148], "summary": {"covered_lines": 1, "num_statements": 1, "percent_covered": 100.0, "percent_covered_display": "100.00", "missing_lines": 0, "excluded_lines": 0}, "missing_lines": [], "excluded_lines": []}, "LinkResolver._resolve_legacy_path": {"executed_lines": [], "summary": {"covered_lines": 0, "num_statements": 1, "percent_covered": 0.0, "percent_covered_display": "0.00", "missing_lines": 1, "excluded_lines": 0}, "missing_lines": [155], "excluded_lines": []}, "LinkResolver._resolve_vault_note": {"executed_lines": [162], "summary": {"covered_lines": 1, "num_statements": 1, "percent_covered": 100.0, "percent_covered_display": "100.00", "missing_lines": 0, "excluded_lines": 0}, "missing_lines": [], "excluded_lines": []}, "": {"executed_lines": [1, 3, 5, 7, 8, 9, 11, 24, 25, 26, 32, 33, 35, 43, 44, 46, 61, 77, 80, 83, 86, 89, 93, 101, 139, 146, 153, 160], "summary": {"covered_lines": 25, "num_statements": 25, "percent_covered": 100.0, "percent_covered_display": "100.00", "missing_lines": 0, "excluded_lines": 0}, "missing_lines": [], "excluded_lines": []}}, "classes": {"LinkMetadata": {"executed_lines": [], "summary": {"covered_lines": 0, "num_statements": 1, "percent_covered": 0.0, "percent_covered_display": "0.00", "missing_lines": 1, "excluded_lines": 0}, "missing_lines": [37], "excluded_lines": []}, "LinkResolver": {"executed_lines": [52, 53, 70, 71, 72, 73, 74, 78, 81, 84, 87, 90, 95, 96, 106, 107, 109, 111, 116, 117, 124, 125, 128, 129, 134, 141, 148, 162], "summary": {"covered_lines": 28, "num_statements": 33, "percent_covered": 84.84848484848484, "percent_covered_display": "84.85", "missing_lines": 5, "excluded_lines": 0}, "missing_lines": [118, 122, 130, 132, 155], "excluded_lines": []}, "": {"executed_lines": [1, 3, 5, 7, 8, 9, 11, 24, 25, 26, 32, 33, 35, 43, 44, 46, 61, 77, 80, 83, 86, 89, 93, 101, 139, 146, 153, 160], "summary": {"covered_lines": 25, "num_statements": 25, "percent_covered": 100.0, "percent_covered_display": "100.00", "missing_lines": 0, "excluded_lines": 0}, "missing_lines": [], "excluded_lines": []}}}, "wks/vault/markdown_parser.py": {"executed_lines": [1, 3, 5, 13, 14, 15, 19, 20, 23, 24, 25, 27, 28, 29, 30, 31, 33, 34, 40, 44, 45, 46, 47, 50, 51, 52, 54, 55, 56, 59, 68, 69, 70, 71, 72, 73, 74, 83, 92, 93, 94, 95, 102, 111, 112, 114, 115, 116, 118, 120], "summary": {"covered_lines": 47, "num_statements": 50, "percent_covered": 94.0, "percent_covered_display": "94.00", "missing_lines": 3, "excluded_lines": 0}, "missing_lines": [41, 42, 117], "excluded_lines": [], "functions": {"WikiLink.split_alias": {"executed_lines": [40, 44, 45, 46, 47], "summary": {"covered_lines": 5, "num_statements": 7, "percent_covered": 71.42857142857143, "percent_covered_display": "71.43", "missing_lines": 2, "excluded_lines": 0}, "missing_lines": [41, 42], "excluded_lines": []}, "parse_wikilinks": {"executed_lines": [68, 69, 70, 71, 72, 73, 74], "summary": {"covered_lines": 7, "num_statements": 7, "percent_covered": 100.0, "percent_covered_display": "100.00", "missing_lines": 0, "excluded_lines": 0}, "missing_lines": [], "excluded_lines": []}, "parse_markdown_urls": {"executed_lines": [92, 93, 94, 95], "summary": {"covered_lines": 4, "num_statements": 4, "percent_covered": 100.0, "percent_covered_display": "100.00", "missing_lines": 0, "excluded_lines": 0}, "missing_lines": [], "excluded_lines": []}, "extract_headings": {"executed_lines": [111, 112, 114, 115, 116, 118, 120], "summary": {"covered_lines": 7, "num_statements": 8, "percent_covered": 87.5, "percent_covered_display": "87.50", "missing_lines": 1, "excluded_lines": 0}, "missing_lines": [117], "excluded_lines": []}, "": {"executed_lines": [1, 3, 5, 13, 14, 15, 19, 20, 23, 24, 25, 27, 28, 29, 30, 31, 33, 34, 50, 51, 52, 54, 55, 56, 59, 83, 102], "summary": {"covered_lines": 24, "num_statements": 24, "percent_covered": 100.0, "percent_covered_display": "100.00", "missing_lines": 0, "excluded_lines": 0}, "missing_lines": [], "excluded_lines": []}}, "classes": {"WikiLink": {"executed_lines": [40, 44, 45, 46, 47], "summary": {"covered_lines": 5, "num_statements": 7, "percent_covered": 71.42857142857143, "percent_covered_display": "71.43", "missing_lines": 2, "excluded_lines": 0}, "missing_lines": [41, 42], "excluded_lines": []}, "MarkdownURL": {"executed_lines": [], "summary": {"covered_lines": 0, "num_statements": 0, "percent_covered": 100.0, "percent_covered_display": "100.00", "missing_lines": 0, "excluded_lines": 0}, "missing_lines": [], "excluded_lines": []}, "": {"executed_lines": [1, 3, 5, 13, 14, 15, 19, 20, 23, 24, 25, 27, 28, 29, 30, 31, 33, 34, 50, 51, 52, 54, 55, 56, 59, 68, 69, 70, 71, 72, 73, 74, 83, 92, 93, 94, 95, 102, 111, 112, 114, 115, 116, 118, 120], "summary": {"covered_lines": 42, "num_statements": 43, "percent_covered": 97.67441860465117, "percent_covered_display": "97.67", "missing_lines": 1, "excluded_lines": 0}, "missing_lines": [117], "excluded_lines": []}}}, "wks/vault/obsidian.py": {"executed_lines": [1, 8, 10, 11, 12, 13, 14, 17, 20, 21, 23, 24, 25, 27, 28, 29, 30, 31, 32, 34, 35, 39, 40, 42, 43, 44, 45, 46, 47, 48, 49, 50, 51, 53, 57, 74, 84, 102, 118, 119, 121, 122, 123, 129, 131, 132, 137, 139, 141, 170, 181, 184, 187, 192, 199, 223, 249, 259, 266], "summary": {"covered_lines": 54, "num_statements": 168, "percent_covered": 32.142857142857146, "percent_covered_display": "32.14", "missing_lines": 114, "excluded_lines": 6}, "missing_lines": [26, 33, 54, 55, 59, 60, 70, 75, 76, 78, 79, 80, 81, 82, 85, 86, 88, 89, 90, 91, 92, 93, 95, 97, 98, 99, 100, 103, 104, 105, 106, 108, 109, 110, 111, 112, 113, 115, 116, 124, 125, 127, 130, 133, 135, 142, 143, 144, 145, 146, 147, 148, 156, 157, 158, 159, 160, 161, 162, 163, 164, 165, 166, 167, 168, 177, 193, 194, 195, 197, 200, 201, 202, 203, 209, 210, 211, 212, 213, 214, 215, 216, 217, 218, 219, 220, 221, 224, 225, 226, 227, 228, 246, 247, 250, 251, 252, 253, 254, 255, 256, 257, 260, 261, 262, 263, 264, 267, 268, 269, 270, 271, 272, 273], "excluded_lines": [181, 182, 184, 185, 187, 188], "functions": {"ObsidianVault.__init__": {"executed_lines": [24, 25, 27, 28, 29, 30, 31, 32, 34, 35], "summary": {"covered_lines": 10, "num_statements": 12, "percent_covered": 83.33333333333333, "percent_covered_display": "83.33", "missing_lines": 2, "excluded_lines": 0}, "missing_lines": [26, 33], "excluded_lines": []}, "ObsidianVault._base_path": {"executed_lines": [40], "summary": {"covered_lines": 1, "num_statements": 1, "percent_covered": 100.0, "percent_covered_display": "100.00", "missing_lines": 0, "excluded_lines": 0}, "missing_lines": [], "excluded_lines": []}, "ObsidianVault._recompute_paths": {"executed_lines": [43, 44, 45, 46, 47, 48, 49, 50, 51], "summary": {"covered_lines": 9, "num_statements": 9, "percent_covered": 100.0, "percent_covered_display": "100.00", "missing_lines": 0, "excluded_lines": 0}, "missing_lines": [], "excluded_lines": []}, "ObsidianVault.set_base_dir": {"executed_lines": [], "summary": {"covered_lines": 0, "num_statements": 2, "percent_covered": 0.0, "percent_covered_display": "0.00", "missing_lines": 2, "excluded_lines": 0}, "missing_lines": [54, 55], "excluded_lines": []}, "ObsidianVault.ensure_structure": {"executed_lines": [], "summary": {"covered_lines": 0, "num_statements": 3, "percent_covered": 0.0, "percent_covered_display": "0.00", "missing_lines": 3, "excluded_lines": 0}, "missing_lines": [59, 60, 70], "excluded_lines": []}, "ObsidianVault._link_rel_for_source": {"executed_lines": [], "summary": {"covered_lines": 0, "num_statements": 7, "percent_covered": 0.0, "percent_covered_display": "0.00", "missing_lines": 7, "excluded_lines": 0}, "missing_lines": [75, 76, 78, 79, 80, 81, 82], "excluded_lines": []}, "ObsidianVault.link_file": {"executed_lines": [], "summary": {"covered_lines": 0, "num_statements": 13, "percent_covered": 0.0, "percent_covered_display": "0.00", "missing_lines": 13, "excluded_lines": 0}, "missing_lines": [85, 86, 88, 89, 90, 91, 92, 93, 95, 97, 98, 99, 100], "excluded_lines": []}, "ObsidianVault.update_link_on_move": {"executed_lines": [], "summary": {"covered_lines": 0, "num_statements": 12, "percent_covered": 0.0, "percent_covered_display": "0.00", "missing_lines": 12, "excluded_lines": 0}, "missing_lines": [103, 104, 105, 106, 108, 109, 110, 111, 112, 113, 115, 116], "excluded_lines": []}, "ObsidianVault._iter_vault_markdown": {"executed_lines": [119, 121, 122, 123, 129, 131, 132], "summary": {"covered_lines": 7, "num_statements": 13, "percent_covered": 53.84615384615385, "percent_covered_display": "53.85", "missing_lines": 6, "excluded_lines": 0}, "missing_lines": [124, 125, 127, 130, 133, 135], "excluded_lines": []}, "ObsidianVault.iter_markdown_files": {"executed_lines": [139], "summary": {"covered_lines": 1, "num_statements": 1, "percent_covered": 100.0, "percent_covered_display": "100.00", "missing_lines": 0, "excluded_lines": 0}, "missing_lines": [], "excluded_lines": []}, "ObsidianVault.update_vault_links_on_move": {"executed_lines": [], "summary": {"covered_lines": 0, "num_statements": 20, "percent_covered": 0.0, "percent_covered_display": "0.00", "missing_lines": 20, "excluded_lines": 0}, "missing_lines": [142, 143, 144, 145, 146, 147, 148, 156, 157, 158, 159, 160, 161, 162, 163, 164, 165, 166, 167, 168], "excluded_lines": []}, "ObsidianVault.mark_reference_deleted": {"executed_lines": [], "summary": {"covered_lines": 0, "num_statements": 1, "percent_covered": 0.0, "percent_covered_display": "0.00", "missing_lines": 1, "excluded_lines": 0}, "missing_lines": [177], "excluded_lines": []}, "ObsidianVault.log_file_operation": {"executed_lines": [], "summary": {"covered_lines": 0, "num_statements": 0, "percent_covered": 100.0, "percent_covered_display": "100.00", "missing_lines": 0, "excluded_lines": 1}, "missing_lines": [], "excluded_lines": [182]}, "ObsidianVault.update_active_files": {"executed_lines": [], "summary": {"covered_lines": 0, "num_statements": 0, "percent_covered": 100.0, "percent_covered_display": "100.00", "missing_lines": 0, "excluded_lines": 1}, "missing_lines": [], "excluded_lines": [185]}, "ObsidianVault.write_health_page": {"executed_lines": [], "summary": {"covered_lines": 0, "num_statements": 0, "percent_covered": 100.0, "percent_covered_display": "100.00", "missing_lines": 0, "excluded_lines": 1}, "missing_lines": [], "excluded_lines": [188]}, "ObsidianVault._format_dt": {"executed_lines": [], "summary": {"covered_lines": 0, "num_statements": 4, "percent_covered": 0.0, "percent_covered_display": "0.00", "missing_lines": 4, "excluded_lines": 0}, "missing_lines": [193, 194, 195, 197], "excluded_lines": []}, "ObsidianVault.write_doc_text": {"executed_lines": [], "summary": {"covered_lines": 0, "num_statements": 17, "percent_covered": 0.0, "percent_covered_display": "0.00", "missing_lines": 17, "excluded_lines": 0}, "missing_lines": [200, 201, 202, 203, 209, 210, 211, 212, 213, 214, 215, 216, 217, 218, 219, 220, 221], "excluded_lines": []}, "ObsidianVault.create_project_note": {"executed_lines": [], "summary": {"covered_lines": 0, "num_statements": 7, "percent_covered": 0.0, "percent_covered_display": "0.00", "missing_lines": 7, "excluded_lines": 0}, "missing_lines": [224, 225, 226, 227, 228, 246, 247], "excluded_lines": []}, "ObsidianVault.link_project": {"executed_lines": [], "summary": {"covered_lines": 0, "num_statements": 8, "percent_covered": 0.0, "percent_covered_display": "0.00", "missing_lines": 8, "excluded_lines": 0}, "missing_lines": [250, 251, 252, 253, 254, 255, 256, 257], "excluded_lines": []}, "ObsidianVault.find_broken_links": {"executed_lines": [], "summary": {"covered_lines": 0, "num_statements": 5, "percent_covered": 0.0, "percent_covered_display": "0.00", "missing_lines": 5, "excluded_lines": 0}, "missing_lines": [260, 261, 262, 263, 264], "excluded_lines": []}, "ObsidianVault.cleanup_broken_links": {"executed_lines": [], "summary": {"covered_lines": 0, "num_statements": 7, "percent_covered": 0.0, "percent_covered_display": "0.00", "missing_lines": 7, "excluded_lines": 0}, "missing_lines": [267, 268, 269, 270, 271, 272, 273], "excluded_lines": []}, "": {"executed_lines": [1, 8, 10, 11, 12, 13, 14, 17, 20, 21, 23, 39, 42, 53, 57, 74, 84, 102, 118, 137, 141, 170, 181, 184, 187, 192, 199, 223, 249, 259, 266], "summary": {"covered_lines": 26, "num_statements": 26, "percent_covered": 100.0, "percent_covered_display": "100.00", "missing_lines": 0, "excluded_lines": 3}, "missing_lines": [], "excluded_lines": [181, 184, 187]}}, "classes": {"ObsidianVault": {"executed_lines": [24, 25, 27, 28, 29, 30, 31, 32, 34, 35, 40, 43, 44, 45, 46, 47, 48, 49, 50, 51, 119, 121, 122, 123, 129, 131, 132, 139], "summary": {"covered_lines": 28, "num_statements": 142, "percent_covered": 19.718309859154928, "percent_covered_display": "19.72", "missing_lines": 114, "excluded_lines": 3}, "missing_lines": [26, 33, 54, 55, 59, 60, 70, 75, 76, 78, 79, 80, 81, 82, 85, 86, 88, 89, 90, 91, 92, 93, 95, 97, 98, 99, 100, 103, 104, 105, 106, 108, 109, 110, 111, 112, 113, 115, 116, 124, 125, 127, 130, 133, 135, 142, 143, 144, 145, 146, 147, 148, 156, 157, 158, 159, 160, 161, 162, 163, 164, 165, 166, 167, 168, 177, 193, 194, 195, 197, 200, 201, 202, 203, 209, 210, 211, 212, 213, 214, 215, 216, 217, 218, 219, 220, 221, 224, 225, 226, 227, 228, 246, 247, 250, 251, 252, 253, 254, 255, 256, 257, 260, 261, 262, 263, 264, 267, 268, 269, 270, 271, 272, 273], "excluded_lines": [182, 185, 188]}, "": {"executed_lines": [1, 8, 10, 11, 12, 13, 14, 17, 20, 21, 23, 39, 42, 53, 57, 74, 84, 102, 118, 137, 141, 170, 181, 184, 187, 192, 199, 223, 249, 259, 266], "summary": {"covered_lines": 26, "num_statements": 26, "percent_covered": 100.0, "percent_covered_display": "100.00", "missing_lines": 0, "excluded_lines": 3}, "missing_lines": [], "excluded_lines": [181, 184, 187]}}}, "wks/vault/status_controller.py": {"executed_lines": [1, 3, 5, 7, 8, 9, 11, 12, 14, 15, 28, 29, 30, 31, 32, 33, 34, 35, 36, 39, 40, 41, 42, 43, 44, 45, 46, 47, 48, 49, 50, 51, 52, 53, 55, 61, 62, 64, 65, 66, 67, 68, 69, 76, 77, 79, 85, 86, 88, 90, 92, 93, 103, 105, 107, 108, 118, 120, 122, 134, 147, 148, 149, 151, 152, 154, 155, 156, 157, 158, 160, 162, 163, 164, 165, 167], "summary": {"covered_lines": 74, "num_statements": 83, "percent_covered": 89.1566265060241, "percent_covered_display": "89.16", "missing_lines": 9, "excluded_lines": 0}, "missing_lines": [56, 57, 58, 70, 72, 73, 74, 94, 109], "excluded_lines": [], "functions": {"VaultStatusSummary.to_dict": {"executed_lines": [], "summary": {"covered_lines": 0, "num_statements": 3, "percent_covered": 0.0, "percent_covered_display": "0.00", "missing_lines": 3, "excluded_lines": 0}, "missing_lines": [56, 57, 58], "excluded_lines": []}, "VaultStatusController.__init__": {"executed_lines": [65, 66, 67, 68, 69], "summary": {"covered_lines": 5, "num_statements": 9, "percent_covered": 55.55555555555556, "percent_covered_display": "55.56", "missing_lines": 4, "excluded_lines": 0}, "missing_lines": [70, 72, 73, 74], "excluded_lines": []}, "VaultStatusController._mongo_connection": {"executed_lines": [79, 85, 86, 88], "summary": {"covered_lines": 4, "num_statements": 4, "percent_covered": 100.0, "percent_covered_display": "100.00", "missing_lines": 0, "excluded_lines": 0}, "missing_lines": [], "excluded_lines": []}, "VaultStatusController._fetch_or_aggregate_status_counts": {"executed_lines": [92, 93, 103], "summary": {"covered_lines": 3, "num_statements": 4, "percent_covered": 75.0, "percent_covered_display": "75.00", "missing_lines": 1, "excluded_lines": 0}, "missing_lines": [94], "excluded_lines": []}, "VaultStatusController._fetch_or_aggregate_type_counts": {"executed_lines": [107, 108, 118], "summary": {"covered_lines": 3, "num_statements": 4, "percent_covered": 75.0, "percent_covered_display": "75.00", "missing_lines": 1, "excluded_lines": 0}, "missing_lines": [109], "excluded_lines": []}, "VaultStatusController._fetch_issues": {"executed_lines": [122, 134], "summary": {"covered_lines": 2, "num_statements": 2, "percent_covered": 100.0, "percent_covered_display": "100.00", "missing_lines": 0, "excluded_lines": 0}, "missing_lines": [], "excluded_lines": []}, "VaultStatusController.summarize": {"executed_lines": [148, 149, 151, 152, 154, 155, 156, 157, 158, 160, 162, 163, 164, 165, 167], "summary": {"covered_lines": 15, "num_statements": 15, "percent_covered": 100.0, "percent_covered_display": "100.00", "missing_lines": 0, "excluded_lines": 0}, "missing_lines": [], "excluded_lines": []}, "": {"executed_lines": [1, 3, 5, 7, 8, 9, 11, 12, 14, 15, 28, 29, 30, 31, 32, 33, 34, 35, 36, 39, 40, 41, 42, 43, 44, 45, 46, 47, 48, 49, 50, 51, 52, 53, 55, 61, 62, 64, 76, 77, 90, 105, 120, 147], "summary": {"covered_lines": 42, "num_statements": 42, "percent_covered": 100.0, "percent_covered_display": "100.00", "missing_lines": 0, "excluded_lines": 0}, "missing_lines": [], "excluded_lines": []}}, "classes": {"VaultIssue": {"executed_lines": [], "summary": {"covered_lines": 0, "num_statements": 0, "percent_covered": 100.0, "percent_covered_display": "100.00", "missing_lines": 0, "excluded_lines": 0}, "missing_lines": [], "excluded_lines": []}, "VaultStatusSummary": {"executed_lines": [], "summary": {"covered_lines": 0, "num_statements": 3, "percent_covered": 0.0, "percent_covered_display": "0.00", "missing_lines": 3, "excluded_lines": 0}, "missing_lines": [56, 57, 58], "excluded_lines": []}, "VaultStatusController": {"executed_lines": [65, 66, 67, 68, 69, 79, 85, 86, 88, 92, 93, 103, 107, 108, 118, 122, 134, 148, 149, 151, 152, 154, 155, 156, 157, 158, 160, 162, 163, 164, 165, 167], "summary": {"covered_lines": 32, "num_statements": 38, "percent_covered": 84.21052631578948, "percent_covered_display": "84.21", "missing_lines": 6, "excluded_lines": 0}, "missing_lines": [70, 72, 73, 74, 94, 109], "excluded_lines": []}, "": {"executed_lines": [1, 3, 5, 7, 8, 9, 11, 12, 14, 15, 28, 29, 30, 31, 32, 33, 34, 35, 36, 39, 40, 41, 42, 43, 44, 45, 46, 47, 48, 49, 50, 51, 52, 53, 55, 61, 62, 64, 76, 77, 90, 105, 120, 147], "summary": {"covered_lines": 42, "num_statements": 42, "percent_covered": 100.0, "percent_covered_display": "100.00", "missing_lines": 0, "excluded_lines": 0}, "missing_lines": [], "excluded_lines": []}}}}, "totals": {"covered_lines": 3232, "num_statements": 4632, "percent_covered": 69.77547495682211, "percent_covered_display": "69.78", "missing_lines": 1400, "excluded_lines": 267}}